#
# A fatal error has been detected by the Java Runtime Environment:
#
#  EXCEPTION_ACCESS_VIOLATION (0xc0000005) at pc=0x00007ffcc51d6ab7, pid=53316, tid=34948
#
# JRE version: OpenJDK Runtime Environment JBR-17.0.9+8-1166.2-nomod (17.0.9+8) (build 17.0.9+8-b1166.2)
# Java VM: OpenJDK 64-Bit Server VM JBR-17.0.9+8-1166.2-nomod (17.0.9+8-b1166.2, mixed mode, tiered, compressed oops, compressed class ptrs, g1 gc, windows-amd64)
# Problematic frame:
# C  [glass.dll+0x26ab7]
#
# No core dump will be written. Minidumps are not enabled by default on client versions of Windows
#
# If you would like to submit a bug report, please visit:
#   https://youtrack.jetbrains.com/issues/JBR
#

---------------  S U M M A R Y ------------

Command Line: -javaagent:C:\Program Files\JetBrains\IntelliJ IDEA Community Edition 2022.3\lib\idea_rt.jar=51547:C:\Program Files\JetBrains\IntelliJ IDEA Community Edition 2022.3\bin -Dfile.encoding=UTF-8 --module-path=C:\Users\ASUS\.m2\repository\org\openjfx\javafx-controls\17.0.2\javafx-controls-17.0.2-win.jar;C:\Users\ASUS\.m2\repository\org\openjfx\javafx-graphics\17.0.2\javafx-graphics-17.0.2-win.jar;C:\Users\ASUS\.m2\repository\org\openjfx\javafx-fxml\17.0.2\javafx-fxml-17.0.2-win.jar;C:\Users\ASUS\.m2\repository\org\openjfx\javafx-base\17.0.2\javafx-base-17.0.2-win.jar;C:\xamp\htdocs\demo\target\classes -Djdk.module.main=com.example.demo com.example.demo/com.example.demo.HelloApplication

Host: AMD Ryzen 5 4500U with Radeon Graphics         , 6 cores, 15G,  Windows 11 , 64 bit Build 22621 (10.0.22621.3374)
Time: Mon Apr 29 17:46:33 2024 Afr. centrale Ouest elapsed time: 28.574249 seconds (0d 0h 0m 28s)

---------------  T H R E A D  ---------------

Current thread (0x00000267ffb3eef0):  VMThread "VM Thread" [stack: 0x000000a651900000,0x000000a651a00000] [id=34948]

Stack: [0x000000a651900000,0x000000a651a00000],  sp=0x000000a6519fef00,  free space=1019k
Native frames: (J=compiled Java code, j=interpreted, Vv=VM code, C=native code)
C  [glass.dll+0x26ab7]


siginfo: EXCEPTION_ACCESS_VIOLATION (0xc0000005), reading address 0x0000000000000000


Registers:
RAX=0x0000000000000000, RBX=0x00000267ffb67c18, RCX=0x00000267ffb3eef0, RDX=0x000000a6519fef00
RSP=0x000000a6519fef00, RBP=0x0000026784760e88, RSI=0x000000a6519ff008, RDI=0x0000026784760e60
R8 =0x0000000000010002, R9 =0x0000026784760e60, R10=0x85f13e9656da4870, R11=0x000000a6519fee90
R12=0x00007ffcc51d4384, R13=0x00007ffc4c69ccb0, R14=0x000025dc95d2ae3f, R15=0x0000026784760e60
RIP=0x00007ffcc51d6ab7, EFLAGS=0x0000000000010202


Register to memory mapping:

RIP=0x00007ffcc51d6ab7 glass.dll
RAX=0x0 is NULL
RBX=0x00000267ffb67c18 is a global jni handle
RCX=0x00000267ffb3eef0 points into unknown readable memory: 0x00007ffc4c4bb578 | 78 b5 4b 4c fc 7f 00 00
RDX=0x000000a6519fef00 points into unknown readable memory: 0x0000000000000000 | 00 00 00 00 00 00 00 00
RSP=0x000000a6519fef00 points into unknown readable memory: 0x0000000000000000 | 00 00 00 00 00 00 00 00
RBP=0x0000026784760e88 points into unknown readable memory: 0x000025dc95d2ae3f | 3f ae d2 95 dc 25 00 00
RSI=0x000000a6519ff008 points into unknown readable memory: 0x000000a6519feff0 | f0 ef 9f 51 a6 00 00 00
RDI=0x0000026784760e60 points into unknown readable memory: 0x00001a22f75c3171 | 71 31 5c f7 22 1a 00 00
R8 =0x0000000000010002 is an unknown value
R9 =0x0000026784760e60 points into unknown readable memory: 0x00001a22f75c3171 | 71 31 5c f7 22 1a 00 00
R10=0x85f13e9656da4870 is an unknown value
R11=0x000000a6519fee90 points into unknown readable memory: 0x0000026784760e60 | 60 0e 76 84 67 02 00 00
R12=0x00007ffcc51d4384 glass.dll
R13=0x00007ffc4c69ccb0 jvm.dll::LogTagSetMapping<159,0,0,0,0,0>::_tagset + 0x0
R14=0x000025dc95d2ae3f is an unknown value
R15=0x0000026784760e60 points into unknown readable memory: 0x00001a22f75c3171 | 71 31 5c f7 22 1a 00 00


Top of Stack: (sp=0x000000a6519fef00)
0x000000a6519fef00:   0000000000000000 000000a6519ff008
0x000000a6519fef10:   00007ffc4c69ccb0 00007ffcc51d4384
0x000000a6519fef20:   0000026784760e68 00007ffcdad43a53
0x000000a6519fef30:   0000026784760e60 0000026700000000
0x000000a6519fef40:   0000026784760e88 000000a6519ff008
0x000000a6519fef50:   fffffffffffffffe 0000000000000000
0x000000a6519fef60:   0000000000000001 00007ffcc51b0000
0x000000a6519fef70:   000000a6519feff8 00007ffcdad1042e
0x000000a6519fef80:   0000000000000000 000000a6519ff008
0x000000a6519fef90:   000000a6519ff2f0 0000000000000001
0x000000a6519fefa0:   0000000000000001 00007ffcdad0dddd
0x000000a6519fefb0:   0000000000000000 00007ffcc51d3b7d
0x000000a6519fefc0:   000000a6519ff2f0 000000a6519feff8
0x000000a6519fefd0:   fffffffffffffffe 00007ffcd8940000
0x000000a6519fefe0:   0000000000000000 00007ffcc51d4211
0x000000a6519feff0:   00007ffcc51ea138 00007ffc00000002
0x000000a6519ff000:   0000026700000002 000000a6519feff0
0x000000a6519ff010:   0000000000000000 00007ffcdd398603
0x000000a6519ff020:   0000000000000000 00007ffcc51d4336
0x000000a6519ff030:   0000000000000001 00000000000006f8
0x000000a6519ff040:   0000000000000001 0000000000000000
0x000000a6519ff050:   00007ffcdc450000 00007ffcdc452061
0x000000a6519ff060:   0000026700000001 0000000000000016
0x000000a6519ff070:   00007ffcc51b0000 000000007ffe0384
0x000000a6519ff080:   0000000000000000 00007ffcdd39869f
0x000000a6519ff090:   00007ffcc51b0000 0000000000000000
0x000000a6519ff0a0:   0000000000000001 000000007ffe0385
0x000000a6519ff0b0:   0000000000000000 00007ffcdd3c12e9
0x000000a6519ff0c0:   0000a0af22180100 0000000000000014
0x000000a6519ff0d0:   00007ffcc51d4384 0000000000000000
0x000000a6519ff0e0:   0000000000000000 000000a650e42000
0x000000a6519ff0f0:   0000026784740580 00007ffcdd3c10a6 

Instructions: (pc=0x00007ffcc51d6ab7)
0x00007ffcc51d69b7:   8b 4d 58 e8 01 cf ff ff 48 8b 4d 60 e8 f8 ce ff
0x00007ffcc51d69c7:   ff 48 8b 95 80 00 00 00 48 8b 8d 18 01 00 00 e8
0x00007ffcc51d69d7:   c6 c3 ff ff 33 d2 33 c9 e8 3c e1 ff ff 90 48 89
0x00007ffcc51d69e7:   54 24 10 55 48 83 ec 20 48 8b ea 48 b8 00 00 00
0x00007ffcc51d69f7:   00 00 00 00 00 48 83 c4 20 5d c3 cc 40 55 48 8b
0x00007ffcc51d6a07:   ea 48 8b 01 33 c9 81 38 05 00 00 c0 0f 94 c1 8b
0x00007ffcc51d6a17:   c1 5d c3 cc 40 55 48 83 ec 20 48 8b ea 8a 4d 40
0x00007ffcc51d6a27:   48 83 c4 20 5d e9 f7 d2 ff ff cc 40 55 48 83 ec
0x00007ffcc51d6a37:   20 48 8b ea 8a 4d 20 e8 e5 d2 ff ff 90 48 83 c4
0x00007ffcc51d6a47:   20 5d c3 cc 40 55 48 83 ec 20 48 8b ea 48 83 c4
0x00007ffcc51d6a57:   20 5d e9 46 d1 ff ff cc 40 55 48 83 ec 30 48 8b
0x00007ffcc51d6a67:   ea 48 8b 01 8b 10 48 89 4c 24 28 89 54 24 20 4c
0x00007ffcc51d6a77:   8d 0d e7 d5 ff ff 4c 8b 45 70 8b 55 68 48 8b 4d
0x00007ffcc51d6a87:   60 e8 87 d0 ff ff 90 48 83 c4 30 5d c3 cc cc cc
0x00007ffcc51d6a97:   cc cc cc cc cc cc cc cc cc 40 53 48 83 ec 20 48
0x00007ffcc51d6aa7:   8b 1d 83 30 01 00 48 85 db 74 16 e8 09 8b ff ff
0x00007ffcc51d6ab7:   4c 8b 00 48 8b d3 48 8b c8 41 ff 90 b0 00 00 00
0x00007ffcc51d6ac7:   90 48 83 c4 20 5b c3 cc cc 40 53 48 83 ec 20 48
0x00007ffcc51d6ad7:   8b 1d fb 31 01 00 48 85 db 74 57 b8 ff ff ff ff
0x00007ffcc51d6ae7:   f0 0f c1 43 10 83 f8 01 75 3d 48 85 db 74 38 48
0x00007ffcc51d6af7:   8b 0b 48 85 c9 74 0d ff 15 a4 07 00 00 48 c7 03
0x00007ffcc51d6b07:   00 00 00 00 48 8b 4b 08 48 85 c9 74 0d e8 a7 cd
0x00007ffcc51d6b17:   ff ff 48 c7 43 08 00 00 00 00 ba 18 00 00 00 48
0x00007ffcc51d6b27:   8b cb e8 92 cd ff ff 48 c7 05 9f 31 01 00 00 00
0x00007ffcc51d6b37:   00 00 48 83 c4 20 5b c3 cc 40 53 48 83 ec 20 48
0x00007ffcc51d6b47:   8b 1d 6b 31 01 00 48 85 db 74 57 b8 ff ff ff ff
0x00007ffcc51d6b57:   f0 0f c1 43 10 83 f8 01 75 3d 48 85 db 74 38 48
0x00007ffcc51d6b67:   8b 0b 48 85 c9 74 0d ff 15 34 07 00 00 48 c7 03
0x00007ffcc51d6b77:   00 00 00 00 48 8b 4b 08 48 85 c9 74 0d e8 37 cd
0x00007ffcc51d6b87:   ff ff 48 c7 43 08 00 00 00 00 ba 18 00 00 00 48
0x00007ffcc51d6b97:   8b cb e8 22 cd ff ff 48 c7 05 0f 31 01 00 00 00
0x00007ffcc51d6ba7:   00 00 48 83 c4 20 5b c3 cc 40 53 48 83 ec 20 48 


Stack slot to memory mapping:
stack at sp + 0 slots: 0x0 is NULL
stack at sp + 1 slots: 0x000000a6519ff008 points into unknown readable memory: 0x000000a6519feff0 | f0 ef 9f 51 a6 00 00 00
stack at sp + 2 slots: 0x00007ffc4c69ccb0 jvm.dll::LogTagSetMapping<159,0,0,0,0,0>::_tagset + 0x0
stack at sp + 3 slots: 0x00007ffcc51d4384 glass.dll
stack at sp + 4 slots: 0x0000026784760e68 points into unknown readable memory: 0x000025dc95d2ae3f | 3f ae d2 95 dc 25 00 00
stack at sp + 5 slots: 0x00007ffcdad43a53 ucrtbase.dll
stack at sp + 6 slots: 0x0000026784760e60 points into unknown readable memory: 0x00001a22f75c3171 | 71 31 5c f7 22 1a 00 00
stack at sp + 7 slots: 0x0000026700000000 is an unknown value

VM_Operation (0x000000a6542ff3c0): Exit, mode: safepoint, requested by thread 0x00000267ffcec520


---------------  P R O C E S S  ---------------

Threads class SMR info:
_java_thread_list=0x0000026789664080, length=22, elements={
0x00000267e15e00f0, 0x00000267ffb42e30, 0x00000267ffb43ab0, 0x00000267ffb83120,
0x00000267ffb83ae0, 0x00000267ffb846b0, 0x00000267ffb85680, 0x00000267ffb86830,
0x00000267ffb872e0, 0x00000267ffb8d150, 0x00000267ffc977d0, 0x00000267843002e0,
0x00000267843007c0, 0x000002678470f260, 0x00000267847bd300, 0x00000267847bd7e0,
0x000002678952f320, 0x000002678952fc10, 0x00000267ffce9280, 0x00000267ffcea1b0,
0x00000267ffceb0e0, 0x00000267ffcec520
}

Java Threads: ( => current thread )
  0x00000267e15e00f0 JavaThread "main" [_thread_blocked, id=60696, stack(0x000000a651300000,0x000000a651400000)]
  0x00000267ffb42e30 JavaThread "Reference Handler" daemon [_thread_blocked, id=58440, stack(0x000000a651a00000,0x000000a651b00000)]
  0x00000267ffb43ab0 JavaThread "Finalizer" daemon [_thread_blocked, id=7000, stack(0x000000a651b00000,0x000000a651c00000)]
  0x00000267ffb83120 JavaThread "Signal Dispatcher" daemon [_thread_blocked, id=60708, stack(0x000000a651c00000,0x000000a651d00000)]
  0x00000267ffb83ae0 JavaThread "Attach Listener" daemon [_thread_blocked, id=59856, stack(0x000000a651d00000,0x000000a651e00000)]
  0x00000267ffb846b0 JavaThread "Service Thread" daemon [_thread_blocked, id=49296, stack(0x000000a651e00000,0x000000a651f00000)]
  0x00000267ffb85680 JavaThread "Monitor Deflation Thread" daemon [_thread_blocked, id=61228, stack(0x000000a651f00000,0x000000a652000000)]
  0x00000267ffb86830 JavaThread "C2 CompilerThread0" daemon [_thread_blocked, id=53056, stack(0x000000a652000000,0x000000a652100000)]
  0x00000267ffb872e0 JavaThread "C1 CompilerThread0" daemon [_thread_blocked, id=47380, stack(0x000000a652100000,0x000000a652200000)]
  0x00000267ffb8d150 JavaThread "Sweeper thread" daemon [_thread_blocked, id=47768, stack(0x000000a652200000,0x000000a652300000)]
  0x00000267ffc977d0 JavaThread "Common-Cleaner" daemon [_thread_blocked, id=55692, stack(0x000000a652300000,0x000000a652400000)]
  0x00000267843002e0 JavaThread "Monitor Ctrl-Break" daemon [_thread_in_native, id=55596, stack(0x000000a652500000,0x000000a652600000)]
  0x00000267843007c0 JavaThread "Notification Thread" daemon [_thread_blocked, id=53628, stack(0x000000a652600000,0x000000a652700000)]
  0x000002678470f260 JavaThread "QuantumRenderer-0" daemon [_thread_blocked, id=60864, stack(0x000000a652800000,0x000000a652900000)]
  0x00000267847bd300 JavaThread "InvokeLaterDispatcher" daemon [_thread_blocked, id=4536, stack(0x000000a652b00000,0x000000a652c00000)]
  0x00000267847bd7e0 JavaThread "JavaFX Application Thread" [_thread_in_native, id=47788, stack(0x000000a652c00000,0x000000a652d00000)]
  0x000002678952f320 JavaThread "Thread-1" daemon [_thread_in_native, id=60192, stack(0x000000a652400000,0x000000a652500000)]
  0x000002678952fc10 JavaThread "JavaFX-Launcher" [_thread_blocked, id=61164, stack(0x000000a653500000,0x000000a653600000)]
  0x00000267ffce9280 JavaThread "Prism Font Disposer" daemon [_thread_blocked, id=46748, stack(0x000000a653c00000,0x000000a653d00000)]
  0x00000267ffcea1b0 JavaThread "mysql-cj-abandoned-connection-cleanup" daemon [_thread_blocked, id=57184, stack(0x000000a653d00000,0x000000a653e00000)]
  0x00000267ffceb0e0 JavaThread "Cleaner-0" daemon [_thread_blocked, id=56708, stack(0x000000a654000000,0x000000a654100000)]
  0x00000267ffcec520 JavaThread "SIGINT handler" daemon [_thread_blocked, id=52260, stack(0x000000a654200000,0x000000a654300000)]

Other Threads:
=>0x00000267ffb3eef0 VMThread "VM Thread" [stack: 0x000000a651900000,0x000000a651a00000] [id=34948]
  0x00000267e16481e0 GCTaskThread "GC Thread#0" [stack: 0x000000a651400000,0x000000a651500000] [id=53564]
  0x000002678952b430 GCTaskThread "GC Thread#1" [stack: 0x000000a653600000,0x000000a653700000] [id=33644]
  0x000002678952b6f0 GCTaskThread "GC Thread#2" [stack: 0x000000a653700000,0x000000a653800000] [id=60908]
  0x000002678953aed0 GCTaskThread "GC Thread#3" [stack: 0x000000a653800000,0x000000a653900000] [id=26836]
  0x000002678953d6b0 GCTaskThread "GC Thread#4" [stack: 0x000000a653900000,0x000000a653a00000] [id=59280]
  0x000002678953d970 GCTaskThread "GC Thread#5" [stack: 0x000000a653a00000,0x000000a653b00000] [id=58288]
  0x00000267e1658800 ConcurrentGCThread "G1 Main Marker" terminated
  0x00000267e1659a30 ConcurrentGCThread "G1 Conc#0" [stack: 0x000000a651600000,0x000000a651700000] [id=56412]
  0x000002678953d3f0 ConcurrentGCThread "G1 Conc#1" [stack: 0x000000a653e00000,0x000000a653f00000] [id=58280]
  0x00000267e168d630 ConcurrentGCThread "G1 Refine#0" terminated
  0x00000267e168df60 ConcurrentGCThread "G1 Service" terminated

Threads with active compile tasks:

VM state: at safepoint (shutting down)

VM Mutex/Monitor currently owned by a thread:  ([mutex/lock_event])
[0x00000267e15da040] Threads_lock - owner thread: 0x00000267ffb3eef0
[0x00000267e15db090] Heap_lock - owner thread: 0x00000267ffcec520

Heap address: 0x0000000709200000, size: 3950 MB, Compressed Oops mode: Zero based, Oop shift amount: 3

CDS archive(s) not mapped
Compressed class space mapped at: 0x0000000800000000-0x0000000840000000, reserved size: 1073741824
Narrow klass base: 0x0000000800000000, Narrow klass shift: 0, Narrow klass range: 0x40000000

GC Precious Log:
 CPUs: 6 total, 6 available
 Memory: 15792M
 Large Page Support: Disabled
 NUMA Support: Disabled
 Compressed Oops: Enabled (Zero based)
 Heap Region Size: 2M
 Heap Min Capacity: 8M
 Heap Initial Capacity: 248M
 Heap Max Capacity: 3950M
 Pre-touch: Disabled
 Parallel Workers: 6
 Concurrent Workers: 2
 Concurrent Refinement Workers: 6
 Periodic GC: Disabled

Heap:
 garbage-first heap   total 40960K, used 16367K [0x0000000709200000, 0x0000000800000000)
  region size 2048K, 4 young (8192K), 1 survivors (2048K)
 Metaspace       used 28275K, committed 28544K, reserved 1114112K
  class space    used 3315K, committed 3456K, reserved 1048576K

Heap Regions: E=young(eden), S=young(survivor), O=old, HS=humongous(starts), HC=humongous(continues), CS=collection set, F=free, OA=open archive, CA=closed archive, TAMS=top-at-mark-start (previous, next)
|   0|0x0000000709200000, 0x0000000709200000, 0x0000000709400000|  0%| F|  |TAMS 0x0000000709200000, 0x0000000709200000| Untracked 
|   1|0x0000000709400000, 0x0000000709600000, 0x0000000709600000|100%| O|  |TAMS 0x0000000709400000, 0x0000000709400000| Untracked 
|   2|0x0000000709600000, 0x0000000709800000, 0x0000000709800000|100%| O|  |TAMS 0x0000000709600000, 0x0000000709600000| Untracked 
|   3|0x0000000709800000, 0x0000000709a00000, 0x0000000709a00000|100%| O|  |TAMS 0x0000000709800000, 0x0000000709800000| Untracked 
|   4|0x0000000709a00000, 0x0000000709c00000, 0x0000000709c00000|100%| O|  |TAMS 0x0000000709a00000, 0x0000000709a00000| Untracked 
|   5|0x0000000709c00000, 0x0000000709e00000, 0x0000000709e00000|100%|HS|  |TAMS 0x0000000709c00000, 0x0000000709c00000| Complete 
|   6|0x0000000709e00000, 0x0000000709e00000, 0x000000070a000000|  0%| F|  |TAMS 0x0000000709e00000, 0x0000000709e00000| Untracked 
|   7|0x000000070a000000, 0x000000070a000000, 0x000000070a200000|  0%| F|  |TAMS 0x000000070a000000, 0x000000070a000000| Untracked 
|   8|0x000000070a200000, 0x000000070a32cc00, 0x000000070a400000| 58%| O|  |TAMS 0x000000070a200000, 0x000000070a200000| Untracked 
|   9|0x000000070a400000, 0x000000070a400000, 0x000000070a600000|  0%| F|  |TAMS 0x000000070a400000, 0x000000070a400000| Untracked 
|  10|0x000000070a600000, 0x000000070a600000, 0x000000070a800000|  0%| F|  |TAMS 0x000000070a600000, 0x000000070a600000| Untracked 
|  11|0x000000070a800000, 0x000000070a800000, 0x000000070aa00000|  0%| F|  |TAMS 0x000000070a800000, 0x000000070a800000| Untracked 
|  12|0x000000070aa00000, 0x000000070aa00000, 0x000000070ac00000|  0%| F|  |TAMS 0x000000070aa00000, 0x000000070aa00000| Untracked 
|  13|0x000000070ac00000, 0x000000070ac00000, 0x000000070ae00000|  0%| F|  |TAMS 0x000000070ac00000, 0x000000070ac00000| Untracked 
|  14|0x000000070ae00000, 0x000000070ae00000, 0x000000070b000000|  0%| F|  |TAMS 0x000000070ae00000, 0x000000070ae00000| Untracked 
| 105|0x0000000716400000, 0x0000000716400000, 0x0000000716600000|  0%| F|  |TAMS 0x0000000716400000, 0x0000000716400000| Untracked 
| 106|0x0000000716600000, 0x00000007167655f8, 0x0000000716800000| 69%| E|  |TAMS 0x0000000716600000, 0x0000000716600000| Complete 
| 107|0x0000000716800000, 0x0000000716a00000, 0x0000000716a00000|100%| E|CS|TAMS 0x0000000716800000, 0x0000000716800000| Complete 
| 122|0x0000000718600000, 0x00000007186cf170, 0x0000000718800000| 40%| S|CS|TAMS 0x0000000718600000, 0x0000000718600000| Complete 
| 123|0x0000000718800000, 0x0000000718a00000, 0x0000000718a00000|100%| E|CS|TAMS 0x0000000718800000, 0x0000000718800000| Complete 

Card table byte_map: [0x00000267f4670000,0x00000267f4e30000] _byte_map_base: 0x00000267f0e27000

Marking Bits (Prev, Next): (CMBitMap*) 0x00000267e1648840, (CMBitMap*) 0x00000267e1648800
 Prev Bits: [0x00000267f93b0000, 0x00000267fd168000)
 Next Bits: [0x00000267f55f0000, 0x00000267f93a8000)

Polling page: 0x00000267e0d90000

Metaspace:

Usage:
  Non-class:     24.37 MB used.
      Class:      3.24 MB used.
       Both:     27.61 MB used.

Virtual space:
  Non-class space:       64.00 MB reserved,      24.50 MB ( 38%) committed,  1 nodes.
      Class space:        1.00 GB reserved,       3.38 MB ( <1%) committed,  1 nodes.
             Both:        1.06 GB reserved,      27.88 MB (  3%) committed. 

Chunk freelists:
   Non-Class:  7.50 MB
       Class:  12.45 MB
        Both:  19.95 MB

MaxMetaspaceSize: unlimited
CompressedClassSpaceSize: 1.00 GB
Initial GC threshold: 21.00 MB
Current GC threshold: 35.25 MB
CDS: off
MetaspaceReclaimPolicy: balanced
 - commit_granule_bytes: 65536.
 - commit_granule_words: 8192.
 - virtual_space_node_default_size: 8388608.
 - enlarge_chunks_in_place: 1.
 - new_chunks_are_fully_committed: 0.
 - uncommit_free_chunks: 1.
 - use_allocation_guard: 0.
 - handle_deallocations: 1.


Internal statistics:

num_allocs_failed_limit: 3.
num_arena_births: 226.
num_arena_deaths: 0.
num_vsnodes_births: 2.
num_vsnodes_deaths: 0.
num_space_committed: 446.
num_space_uncommitted: 0.
num_chunks_returned_to_freelist: 3.
num_chunks_taken_from_freelist: 841.
num_chunk_merges: 0.
num_chunk_splits: 569.
num_chunks_enlarged: 436.
num_inconsistent_stats: 0.

CodeHeap 'non-profiled nmethods': size=120000Kb used=1299Kb max_used=1299Kb free=118700Kb
 bounds [0x00000267ec870000, 0x00000267ecae0000, 0x00000267f3da0000]
CodeHeap 'profiled nmethods': size=120000Kb used=5705Kb max_used=5705Kb free=114294Kb
 bounds [0x00000267e4da0000, 0x00000267e5340000, 0x00000267ec2d0000]
CodeHeap 'non-nmethods': size=5760Kb used=1468Kb max_used=1508Kb free=4291Kb
 bounds [0x00000267ec2d0000, 0x00000267ec540000, 0x00000267ec870000]
 total_blobs=3855 nmethods=3013 adapters=753
 compilation: enabled
              stopped_count=0, restarted_count=0
 full_count=0

Compilation events (20 events):
Event: 17.481 Thread 0x00000267ffb872e0 3008       3       javafx.beans.property.ReadOnlyObjectPropertyBase::fireValueChangedEvent (8 bytes)
Event: 17.482 Thread 0x00000267ffb872e0 nmethod 3008 0x00000267e532d510 code [0x00000267e532d6c0, 0x00000267e532d928]
Event: 17.691 Thread 0x00000267ffb872e0 3009       3       javafx.scene.Camera::getNearClip (21 bytes)
Event: 17.692 Thread 0x00000267ffb872e0 nmethod 3009 0x00000267e532da10 code [0x00000267e532dc00, 0x00000267e532dfc8]
Event: 17.692 Thread 0x00000267ffb872e0 3010       3       javafx.scene.Camera::getFarClip (21 bytes)
Event: 17.692 Thread 0x00000267ffb872e0 nmethod 3010 0x00000267e532e110 code [0x00000267e532e300, 0x00000267e532e6c8]
Event: 17.692 Thread 0x00000267ffb872e0 3011   !   3       com.sun.javafx.application.PlatformImpl::isSupported (41 bytes)
Event: 17.692 Thread 0x00000267ffb872e0 nmethod 3011 0x00000267e532e810 code [0x00000267e532ea00, 0x00000267e532ee58]
Event: 17.907 Thread 0x00000267ffb872e0 3012       3       com.sun.javafx.tk.quantum.QuantumToolkit::isSupported (142 bytes)
Event: 17.907 Thread 0x00000267ffb872e0 nmethod 3012 0x00000267e532f010 code [0x00000267e532f320, 0x00000267e53304b8]
Event: 20.194 Thread 0x00000267ffb872e0 3013       3       javafx.application.Platform::isSupported (5 bytes)
Event: 20.194 Thread 0x00000267ffb872e0 nmethod 3013 0x00000267e5330a90 code [0x00000267e5330c20, 0x00000267e5330d28]
Event: 20.201 Thread 0x00000267ffb872e0 3014       3       com.sun.javafx.tk.quantum.QuantumRenderer::checkRendererIdle (147 bytes)
Event: 20.201 Thread 0x00000267ffb872e0 nmethod 3014 0x00000267e5330e10 code [0x00000267e5330fa0, 0x00000267e53310b8]
Event: 20.202 Thread 0x00000267ffb872e0 3015       1       com.sun.javafx.scene.SceneEventDispatcher::getLastDispatcher (5 bytes)
Event: 20.202 Thread 0x00000267ffb872e0 nmethod 3015 0x00000267ec9b4b90 code [0x00000267ec9b4d20, 0x00000267ec9b4df8]
Event: 20.209 Thread 0x00000267ffb872e0 3016       3       com.sun.javafx.geom.transform.Affine3D::transform (141 bytes)
Event: 20.209 Thread 0x00000267ffb872e0 nmethod 3016 0x00000267e5331190 code [0x00000267e5331360, 0x00000267e5331728]
Event: 20.209 Thread 0x00000267ffb872e0 3017       3       com.sun.javafx.geom.transform.AffineBase::transform (365 bytes)
Event: 20.210 Thread 0x00000267ffb872e0 nmethod 3017 0x00000267e5331910 code [0x00000267e5331b20, 0x00000267e53322e8]

GC Heap History (8 events):
Event: 0.575 GC heap before
{Heap before GC invocations=0 (full 0):
 garbage-first heap   total 253952K, used 20480K [0x0000000709200000, 0x0000000800000000)
  region size 2048K, 10 young (20480K), 0 survivors (0K)
 Metaspace       used 11655K, committed 11840K, reserved 1114112K
  class space    used 1159K, committed 1280K, reserved 1048576K
}
Event: 0.580 GC heap after
{Heap after GC invocations=1 (full 0):
 garbage-first heap   total 253952K, used 3014K [0x0000000709200000, 0x0000000800000000)
  region size 2048K, 2 young (4096K), 2 survivors (4096K)
 Metaspace       used 11655K, committed 11840K, reserved 1114112K
  class space    used 1159K, committed 1280K, reserved 1048576K
}
Event: 1.081 GC heap before
{Heap before GC invocations=1 (full 0):
 garbage-first heap   total 253952K, used 29638K [0x0000000709200000, 0x0000000800000000)
  region size 2048K, 16 young (32768K), 2 survivors (4096K)
 Metaspace       used 21284K, committed 21504K, reserved 1114112K
  class space    used 2399K, committed 2496K, reserved 1048576K
}
Event: 1.086 GC heap after
{Heap after GC invocations=2 (full 0):
 garbage-first heap   total 253952K, used 6933K [0x0000000709200000, 0x0000000800000000)
  region size 2048K, 3 young (6144K), 3 survivors (6144K)
 Metaspace       used 21284K, committed 21504K, reserved 1114112K
  class space    used 2399K, committed 2496K, reserved 1048576K
}
Event: 1.503 GC heap before
{Heap before GC invocations=3 (full 0):
 garbage-first heap   total 40960K, used 25365K [0x0000000709200000, 0x0000000800000000)
  region size 2048K, 12 young (24576K), 3 survivors (6144K)
 Metaspace       used 26725K, committed 26880K, reserved 1114112K
  class space    used 3198K, committed 3264K, reserved 1048576K
}
Event: 1.513 GC heap after
{Heap after GC invocations=4 (full 0):
 garbage-first heap   total 40960K, used 9521K [0x0000000709200000, 0x0000000800000000)
  region size 2048K, 2 young (4096K), 2 survivors (4096K)
 Metaspace       used 26725K, committed 26880K, reserved 1114112K
  class space    used 3198K, committed 3264K, reserved 1048576K
}
Event: 3.902 GC heap before
{Heap before GC invocations=4 (full 0):
 garbage-first heap   total 40960K, used 11569K [0x0000000709200000, 0x0000000800000000)
  region size 2048K, 3 young (6144K), 2 survivors (4096K)
 Metaspace       used 27259K, committed 27520K, reserved 1114112K
  class space    used 3255K, committed 3392K, reserved 1048576K
}
Event: 3.904 GC heap after
{Heap after GC invocations=5 (full 0):
 garbage-first heap   total 40960K, used 12271K [0x0000000709200000, 0x0000000800000000)
  region size 2048K, 1 young (2048K), 1 survivors (2048K)
 Metaspace       used 27259K, committed 27520K, reserved 1114112K
  class space    used 3255K, committed 3392K, reserved 1048576K
}

Dll operation events (3 events):
Event: 0.009 Loaded shared library C:\Users\ASUS\.jdks\jbr-17.0.9\bin\java.dll
Event: 0.038 Loaded shared library C:\Users\ASUS\.jdks\jbr-17.0.9\bin\jsvml.dll
Event: 0.201 Loaded shared library C:\Users\ASUS\.jdks\jbr-17.0.9\bin\zip.dll

Deoptimization events (20 events):
Event: 1.420 Thread 0x00000267847bd7e0 DEOPT PACKING pc=0x00000267ec8e295c sp=0x000000a652cfcf40
Event: 1.420 Thread 0x00000267847bd7e0 DEOPT UNPACKING pc=0x00000267ec3269a3 sp=0x000000a652cfcee0 mode 2
Event: 5.148 Thread 0x000002678470f260 DEOPT PACKING pc=0x00000267e51537a2 sp=0x000000a6528fd6e0
Event: 5.148 Thread 0x000002678470f260 DEOPT UNPACKING pc=0x00000267ec327143 sp=0x000000a6528fcb38 mode 0
Event: 6.241 Thread 0x000002678470f260 DEOPT PACKING pc=0x00000267e51537c3 sp=0x000000a6528fd6e0
Event: 6.241 Thread 0x000002678470f260 DEOPT UNPACKING pc=0x00000267ec327143 sp=0x000000a6528fcb48 mode 0
Event: 6.242 Thread 0x000002678470f260 DEOPT PACKING pc=0x00000267e51537c3 sp=0x000000a6528fd6e0
Event: 6.242 Thread 0x000002678470f260 DEOPT UNPACKING pc=0x00000267ec327143 sp=0x000000a6528fcb48 mode 0
Event: 6.242 Thread 0x000002678470f260 DEOPT PACKING pc=0x00000267e51537c3 sp=0x000000a6528fd6e0
Event: 6.242 Thread 0x000002678470f260 DEOPT UNPACKING pc=0x00000267ec327143 sp=0x000000a6528fcb48 mode 0
Event: 6.243 Thread 0x000002678470f260 DEOPT PACKING pc=0x00000267e51537a2 sp=0x000000a6528fd6e0
Event: 6.243 Thread 0x000002678470f260 DEOPT UNPACKING pc=0x00000267ec327143 sp=0x000000a6528fcb38 mode 0
Event: 6.244 Thread 0x000002678470f260 DEOPT PACKING pc=0x00000267e51537a2 sp=0x000000a6528fd6e0
Event: 6.244 Thread 0x000002678470f260 DEOPT UNPACKING pc=0x00000267ec327143 sp=0x000000a6528fcb38 mode 0
Event: 10.617 Thread 0x000002678470f260 DEOPT PACKING pc=0x00000267e51aba83 sp=0x000000a6528fda40
Event: 10.617 Thread 0x000002678470f260 DEOPT UNPACKING pc=0x00000267ec327143 sp=0x000000a6528fce60 mode 0
Event: 28.228 Thread 0x000002678470f260 Uncommon trap: trap_request=0xffffffde fr.pc=0x00000267ec9b352c relative=0x000000000000010c
Event: 28.228 Thread 0x000002678470f260 Uncommon trap: reason=class_check action=maybe_recompile pc=0x00000267ec9b352c method=jdk.internal.misc.Unsafe.allocateUninitializedArray(Ljava/lang/Class;I)Ljava/lang/Object; @ 51 c2
Event: 28.228 Thread 0x000002678470f260 DEOPT PACKING pc=0x00000267ec9b352c sp=0x000000a6528fe210
Event: 28.228 Thread 0x000002678470f260 DEOPT UNPACKING pc=0x00000267ec3269a3 sp=0x000000a6528fe198 mode 2

Classes unloaded (0 events):
No events

Classes redefined (0 events):
No events

Internal exceptions (20 events):
Event: 0.954 Thread 0x00000267847bd7e0 Exception <a 'sun/nio/fs/WindowsException'{0x00000007170a46f8}> (0x00000007170a46f8) 
thrown [s\src\hotspot\share\prims\jni.cpp, line 517]
Event: 0.961 Thread 0x00000267847bd7e0 Exception <a 'java/lang/NoSuchMethodError'{0x00000007170bdc98}: 'java.lang.Object java.lang.invoke.DirectMethodHandle$Holder.invokeVirtual(java.lang.Object, java.lang.Object, java.lang.Object)'> (0x00000007170bdc98) 
thrown [s\src\hotspot\share\interpreter\linkResolver.cpp, line 771]
Event: 1.090 Thread 0x00000267ffb83ae0 Exception <a 'java/lang/NoSuchMethodError'{0x00000007186033d0}: 'java.lang.Object java.lang.invoke.Invokers$Holder.invokeExact_MT(java.lang.Object, java.lang.Object, java.lang.Object, java.lang.Object, java.lang.Object, java.lang.Object)'> (0x00000007186033d0) 
thrown [s\src\hotspot\share\interpreter\linkResolver.cpp, line 771]
Event: 1.168 Thread 0x00000267847bd7e0 Implicit null exception at 0x00000267ec88d4d8 to 0x00000267ec88d56e
Event: 1.169 Thread 0x00000267847bd7e0 Implicit null exception at 0x00000267ec88b38f to 0x00000267ec88b409
Event: 1.234 Thread 0x00000267847bd7e0 Exception <a 'java/lang/NoSuchMethodError'{0x000000070ad32830}: 'void java.lang.invoke.DirectMethodHandle$Holder.invokeSpecial(java.lang.Object, java.lang.Object, java.lang.Object, java.lang.Object, java.lang.Object)'> (0x000000070ad32830) 
thrown [s\src\hotspot\share\interpreter\linkResolver.cpp, line 771]
Event: 1.246 Thread 0x00000267847bd7e0 Exception <a 'sun/nio/fs/WindowsException'{0x000000070add9ba0}> (0x000000070add9ba0) 
thrown [s\src\hotspot\share\prims\jni.cpp, line 517]
Event: 1.261 Thread 0x00000267847bd7e0 Implicit null exception at 0x00000267ec8cbbb4 to 0x00000267ec8cc060
Event: 1.264 Thread 0x00000267847bd7e0 Implicit null exception at 0x00000267ec8c8a0e to 0x00000267ec8c8e24
Event: 1.268 Thread 0x00000267847bd7e0 Exception <a 'java/lang/ClassNotFoundException'{0x000000070ab0a5f0}: com/sun/javafx/scene/control/skin/resources/controls> (0x000000070ab0a5f0) 
thrown [s\src\hotspot\share\prims\jni.cpp, line 536]
Event: 1.269 Thread 0x00000267847bd7e0 Exception <a 'java/lang/ClassNotFoundException'{0x000000070ab185b0}: com/sun/javafx/scene/control/skin/resources/controls_fr> (0x000000070ab185b0) 
thrown [s\src\hotspot\share\prims\jni.cpp, line 536]
Event: 1.269 Thread 0x00000267847bd7e0 Exception <a 'java/lang/ClassNotFoundException'{0x000000070ab26308}: com/sun/javafx/scene/control/skin/resources/controls_fr_FR> (0x000000070ab26308) 
thrown [s\src\hotspot\share\prims\jni.cpp, line 536]
Event: 1.382 Thread 0x00000267847bd7e0 Exception <a 'java/lang/NoSuchMethodError'{0x000000070a7598e0}: 'java.lang.Object java.lang.invoke.DirectMethodHandle$Holder.invokeInterface(java.lang.Object, java.lang.Object, java.lang.Object)'> (0x000000070a7598e0) 
thrown [s\src\hotspot\share\interpreter\linkResolver.cpp, line 771]
Event: 1.383 Thread 0x00000267847bd7e0 Exception <a 'java/lang/IncompatibleClassChangeError'{0x000000070a75d250}: Found class java.lang.Object, but interface was expected> (0x000000070a75d250) 
thrown [s\src\hotspot\share\interpreter\linkResolver.cpp, line 838]
Event: 1.452 Thread 0x00000267847bd7e0 Exception <a 'java/lang/NoSuchMethodError'{0x000000070a5bd900}: 'java.lang.Object java.lang.invoke.DirectMethodHandle$Holder.newInvokeSpecial(java.lang.Object, java.lang.Object, int)'> (0x000000070a5bd900) 
thrown [s\src\hotspot\share\interpreter\linkResolver.cpp, line 771]
Event: 1.475 Thread 0x000002678470f260 Exception <a 'java/lang/NoSuchMethodError'{0x000000070a31aca8}: 'int java.lang.invoke.DirectMethodHandle$Holder.invokeStaticInit(java.lang.Object, java.lang.Object)'> (0x000000070a31aca8) 
thrown [s\src\hotspot\share\interpreter\linkResolver.cpp, line 771]
Event: 6.236 Thread 0x00000267847bd7e0 Exception <a 'java/lang/NoSuchMethodError'{0x0000000718936700}: 'long java.lang.invoke.DirectMethodHandle$Holder.invokeStatic(java.lang.Object, java.lang.Object, java.lang.Object)'> (0x0000000718936700) 
thrown [s\src\hotspot\share\interpreter\linkResolver.cpp, line 771]
Event: 6.236 Thread 0x00000267847bd7e0 Exception <a 'java/lang/NoSuchMethodError'{0x000000071893a150}: 'long java.lang.invoke.DirectMethodHandle$Holder.invokeStaticInit(java.lang.Object, java.lang.Object, java.lang.Object)'> (0x000000071893a150) 
thrown [s\src\hotspot\share\interpreter\linkResolver.cpp, line 771]
Event: 6.238 Thread 0x00000267847bd7e0 Exception <a 'java/lang/NoSuchMethodError'{0x0000000718952000}: 'java.lang.Object java.lang.invoke.DirectMethodHandle$Holder.newInvokeSpecial(java.lang.Object, java.lang.Object, long)'> (0x0000000718952000) 
thrown [s\src\hotspot\share\interpreter\linkResolver.cpp, line 771]
Event: 6.238 Thread 0x00000267847bd7e0 Exception <a 'java/lang/NoSuchMethodError'{0x0000000718955b70}: 'java.lang.Object java.lang.invoke.Invokers$Holder.linkToTargetMethod(java.lang.Object, long, java.lang.Object)'> (0x0000000718955b70) 
thrown [s\src\hotspot\share\interpreter\linkResolver.cpp, line 771]

VM Operations (20 events):
Event: 3.514 Executing VM operation: Cleanup done
Event: 3.902 Executing VM operation: G1CollectForAllocation
Event: 3.904 Executing VM operation: G1CollectForAllocation done
Event: 5.904 Executing VM operation: Cleanup
Event: 5.904 Executing VM operation: Cleanup done
Event: 6.904 Executing VM operation: Cleanup
Event: 6.905 Executing VM operation: Cleanup done
Event: 7.905 Executing VM operation: Cleanup
Event: 7.905 Executing VM operation: Cleanup done
Event: 9.905 Executing VM operation: Cleanup
Event: 9.906 Executing VM operation: Cleanup done
Event: 10.907 Executing VM operation: Cleanup
Event: 10.907 Executing VM operation: Cleanup done
Event: 12.907 Executing VM operation: Cleanup
Event: 12.907 Executing VM operation: Cleanup done
Event: 16.910 Executing VM operation: Cleanup
Event: 16.910 Executing VM operation: Cleanup done
Event: 17.910 Executing VM operation: Cleanup
Event: 17.910 Executing VM operation: Cleanup done
Event: 28.228 Executing VM operation: Exit

Events (20 events):
Event: 7.652 loading class java/util/Formatter$FixedString done
Event: 7.652 loading class java/util/Formatter$Conversion
Event: 7.652 loading class java/util/Formatter$Conversion done
Event: 7.652 loading class java/util/Formatter$FormatSpecifier
Event: 7.653 loading class java/util/Formatter$FormatSpecifier done
Event: 7.653 loading class java/util/Formatter$Flags
Event: 7.653 loading class java/util/Formatter$Flags done
Event: 7.678 Thread 0x0000026784900640 Thread added: 0x0000026784900640
Event: 8.191 Thread 0x0000026784900640 Thread exited: 0x0000026784900640
Event: 28.226 loading class jdk/internal/misc/Signal$1
Event: 28.226 loading class jdk/internal/misc/Signal$1 done
Event: 28.226 Thread 0x00000267ffcec520 Thread added: 0x00000267ffcec520
Event: 28.227 loading class java/util/IdentityHashMap$KeyIterator
Event: 28.227 loading class java/util/IdentityHashMap$IdentityHashMapIterator
Event: 28.227 loading class java/util/IdentityHashMap$IdentityHashMapIterator done
Event: 28.227 loading class java/util/IdentityHashMap$KeyIterator done
Event: 28.227 Thread 0x00000267ffcea6c0 Thread added: 0x00000267ffcea6c0
Event: 28.227 Thread 0x00000267ffcebb00 Thread added: 0x00000267ffcebb00
Event: 28.228 Thread 0x00000267ffcebb00 Thread exited: 0x00000267ffcebb00
Event: 28.228 Thread 0x00000267ffcea6c0 Thread exited: 0x00000267ffcea6c0


Dynamic libraries:
0x00007ff6c4550000 - 0x00007ff6c455a000 	C:\Users\ASUS\.jdks\jbr-17.0.9\bin\java.exe
0x00007ffcdd370000 - 0x00007ffcdd586000 	C:\WINDOWS\SYSTEM32\ntdll.dll
0x00007ffcdbcc0000 - 0x00007ffcdbd84000 	C:\WINDOWS\System32\KERNEL32.DLL
0x00007ffcda8d0000 - 0x00007ffcdac77000 	C:\WINDOWS\System32\KERNELBASE.dll
0x00007ffcdacf0000 - 0x00007ffcdae01000 	C:\WINDOWS\System32\ucrtbase.dll
0x00007ffccd3f0000 - 0x00007ffccd40b000 	C:\Users\ASUS\.jdks\jbr-17.0.9\bin\VCRUNTIME140.dll
0x00007ffcc9810000 - 0x00007ffcc9827000 	C:\Users\ASUS\.jdks\jbr-17.0.9\bin\jli.dll
0x00007ffcdbfb0000 - 0x00007ffcdc15e000 	C:\WINDOWS\System32\USER32.dll
0x00007ffcda7e0000 - 0x00007ffcda806000 	C:\WINDOWS\System32\win32u.dll
0x00007ffcdc8b0000 - 0x00007ffcdc8d9000 	C:\WINDOWS\System32\GDI32.dll
0x00007ffcd99e0000 - 0x00007ffcd9c73000 	C:\WINDOWS\WinSxS\amd64_microsoft.windows.common-controls_6595b64144ccf1df_6.0.22621.3235_none_270f74e173860f98\COMCTL32.dll
0x00007ffcdae10000 - 0x00007ffcdaf29000 	C:\WINDOWS\System32\gdi32full.dll
0x00007ffcda740000 - 0x00007ffcda7da000 	C:\WINDOWS\System32\msvcp_win.dll
0x00007ffcdd200000 - 0x00007ffcdd2a7000 	C:\WINDOWS\System32\msvcrt.dll
0x00007ffcdc600000 - 0x00007ffcdc631000 	C:\WINDOWS\System32\IMM32.DLL
0x00007ffcd5700000 - 0x00007ffcd570c000 	C:\Users\ASUS\.jdks\jbr-17.0.9\bin\vcruntime140_1.dll
0x00007ffcc5200000 - 0x00007ffcc528d000 	C:\Users\ASUS\.jdks\jbr-17.0.9\bin\msvcp140.dll
0x00007ffc4bac0000 - 0x00007ffc4c742000 	C:\Users\ASUS\.jdks\jbr-17.0.9\bin\server\jvm.dll
0x00007ffcdbef0000 - 0x00007ffcdbfa2000 	C:\WINDOWS\System32\ADVAPI32.dll
0x00007ffcdc640000 - 0x00007ffcdc6e8000 	C:\WINDOWS\System32\sechost.dll
0x00007ffcda710000 - 0x00007ffcda738000 	C:\WINDOWS\System32\bcrypt.dll
0x00007ffcdc330000 - 0x00007ffcdc445000 	C:\WINDOWS\System32\RPCRT4.dll
0x00007ffcd12e0000 - 0x00007ffcd1314000 	C:\WINDOWS\SYSTEM32\WINMM.dll
0x00007ffcbcc10000 - 0x00007ffcbcc19000 	C:\WINDOWS\SYSTEM32\WSOCK32.dll
0x00007ffcd9fb0000 - 0x00007ffcd9ffd000 	C:\WINDOWS\SYSTEM32\POWRPROF.dll
0x00007ffcd0240000 - 0x00007ffcd024a000 	C:\WINDOWS\SYSTEM32\VERSION.dll
0x00007ffcdd2b0000 - 0x00007ffcdd321000 	C:\WINDOWS\System32\WS2_32.dll
0x00007ffcd9e60000 - 0x00007ffcd9e73000 	C:\WINDOWS\SYSTEM32\UMPDC.dll
0x00007ffcd8e90000 - 0x00007ffcd8ea8000 	C:\WINDOWS\SYSTEM32\kernel.appcore.dll
0x00007ffcd56e0000 - 0x00007ffcd56ea000 	C:\Users\ASUS\.jdks\jbr-17.0.9\bin\jimage.dll
0x00007ffcda000000 - 0x00007ffcda233000 	C:\WINDOWS\SYSTEM32\DBGHELP.DLL
0x00007ffcdb0b0000 - 0x00007ffcdb438000 	C:\WINDOWS\System32\combase.dll
0x00007ffcdc510000 - 0x00007ffcdc5e7000 	C:\WINDOWS\System32\OLEAUT32.dll
0x00007ffcd9e80000 - 0x00007ffcd9eb2000 	C:\WINDOWS\SYSTEM32\dbgcore.DLL
0x00007ffcda690000 - 0x00007ffcda709000 	C:\WINDOWS\System32\bcryptPrimitives.dll
0x00007ffcd3bc0000 - 0x00007ffcd3bce000 	C:\Users\ASUS\.jdks\jbr-17.0.9\bin\instrument.dll
0x00007ffcc94b0000 - 0x00007ffcc94d5000 	C:\Users\ASUS\.jdks\jbr-17.0.9\bin\java.dll
0x00007ffcc95a0000 - 0x00007ffcc95b8000 	C:\Users\ASUS\.jdks\jbr-17.0.9\bin\zip.dll
0x00007ffc8f850000 - 0x00007ffc8f927000 	C:\Users\ASUS\.jdks\jbr-17.0.9\bin\jsvml.dll
0x00007ffcdc8e0000 - 0x00007ffcdd13c000 	C:\WINDOWS\System32\SHELL32.dll
0x00007ffcd7d40000 - 0x00007ffcd8639000 	C:\WINDOWS\SYSTEM32\windows.storage.dll
0x00007ffcd7c00000 - 0x00007ffcd7d3e000 	C:\WINDOWS\SYSTEM32\wintypes.dll
0x00007ffcdb720000 - 0x00007ffcdb813000 	C:\WINDOWS\System32\SHCORE.dll
0x00007ffcdd1a0000 - 0x00007ffcdd1fe000 	C:\WINDOWS\System32\shlwapi.dll
0x00007ffcda5c0000 - 0x00007ffcda5e1000 	C:\WINDOWS\SYSTEM32\profapi.dll
0x00007ffcc9400000 - 0x00007ffcc9419000 	C:\Users\ASUS\.jdks\jbr-17.0.9\bin\net.dll
0x00007ffcd3fa0000 - 0x00007ffcd40d6000 	C:\WINDOWS\SYSTEM32\WINHTTP.dll
0x00007ffcd92b0000 - 0x00007ffcd9319000 	C:\WINDOWS\system32\mswsock.dll
0x00007ffcc93e0000 - 0x00007ffcc93f6000 	C:\Users\ASUS\.jdks\jbr-17.0.9\bin\nio.dll
0x00007ffcc9310000 - 0x00007ffcc932a000 	C:\Program Files\JetBrains\IntelliJ IDEA Community Edition 2022.3\bin\breakgen64.dll
0x00000267fff20000 - 0x00000267fff23000 	C:\Users\ASUS\.openjfx\cache\17.0.2-ea\api-ms-win-core-console-l1-1-0.dll
0x00000267fff30000 - 0x00000267fff33000 	C:\Users\ASUS\.openjfx\cache\17.0.2-ea\api-ms-win-core-console-l1-2-0.dll
0x00000267fff40000 - 0x00000267fff43000 	C:\Users\ASUS\.openjfx\cache\17.0.2-ea\api-ms-win-core-datetime-l1-1-0.dll
0x00000267fff50000 - 0x00000267fff53000 	C:\Users\ASUS\.openjfx\cache\17.0.2-ea\api-ms-win-core-debug-l1-1-0.dll
0x00000267fff60000 - 0x00000267fff63000 	C:\Users\ASUS\.openjfx\cache\17.0.2-ea\api-ms-win-core-errorhandling-l1-1-0.dll
0x00000267fff70000 - 0x00000267fff74000 	C:\Users\ASUS\.openjfx\cache\17.0.2-ea\api-ms-win-core-file-l1-1-0.dll
0x00000267fff80000 - 0x00000267fff83000 	C:\Users\ASUS\.openjfx\cache\17.0.2-ea\api-ms-win-core-file-l1-2-0.dll
0x00000267fff90000 - 0x00000267fff93000 	C:\Users\ASUS\.openjfx\cache\17.0.2-ea\api-ms-win-core-file-l2-1-0.dll
0x00000267fffa0000 - 0x00000267fffa3000 	C:\Users\ASUS\.openjfx\cache\17.0.2-ea\api-ms-win-core-handle-l1-1-0.dll
0x00000267fffb0000 - 0x00000267fffb3000 	C:\Users\ASUS\.openjfx\cache\17.0.2-ea\api-ms-win-core-heap-l1-1-0.dll
0x00000267fffc0000 - 0x00000267fffc3000 	C:\Users\ASUS\.openjfx\cache\17.0.2-ea\api-ms-win-core-interlocked-l1-1-0.dll
0x00000267fffd0000 - 0x00000267fffd3000 	C:\Users\ASUS\.openjfx\cache\17.0.2-ea\api-ms-win-core-libraryloader-l1-1-0.dll
0x00000267fffe0000 - 0x00000267fffe3000 	C:\Users\ASUS\.openjfx\cache\17.0.2-ea\api-ms-win-core-localization-l1-2-0.dll
0x00000267ffff0000 - 0x00000267ffff3000 	C:\Users\ASUS\.openjfx\cache\17.0.2-ea\api-ms-win-core-memory-l1-1-0.dll
0x0000026784930000 - 0x0000026784933000 	C:\Users\ASUS\.openjfx\cache\17.0.2-ea\api-ms-win-core-namedpipe-l1-1-0.dll
0x0000026784940000 - 0x0000026784943000 	C:\Users\ASUS\.openjfx\cache\17.0.2-ea\api-ms-win-core-processenvironment-l1-1-0.dll
0x0000026784950000 - 0x0000026784953000 	C:\Users\ASUS\.openjfx\cache\17.0.2-ea\api-ms-win-core-processthreads-l1-1-0.dll
0x0000026784960000 - 0x0000026784963000 	C:\Users\ASUS\.openjfx\cache\17.0.2-ea\api-ms-win-core-processthreads-l1-1-1.dll
0x0000026784970000 - 0x0000026784973000 	C:\Users\ASUS\.openjfx\cache\17.0.2-ea\api-ms-win-core-profile-l1-1-0.dll
0x0000026784980000 - 0x0000026784983000 	C:\Users\ASUS\.openjfx\cache\17.0.2-ea\api-ms-win-core-rtlsupport-l1-1-0.dll
0x0000026784990000 - 0x0000026784993000 	C:\Users\ASUS\.openjfx\cache\17.0.2-ea\api-ms-win-core-string-l1-1-0.dll
0x00000267849a0000 - 0x00000267849a3000 	C:\Users\ASUS\.openjfx\cache\17.0.2-ea\api-ms-win-core-synch-l1-1-0.dll
0x00000267849b0000 - 0x00000267849b3000 	C:\Users\ASUS\.openjfx\cache\17.0.2-ea\api-ms-win-core-synch-l1-2-0.dll
0x00000267849c0000 - 0x00000267849c3000 	C:\Users\ASUS\.openjfx\cache\17.0.2-ea\api-ms-win-core-sysinfo-l1-1-0.dll
0x00000267849d0000 - 0x00000267849d3000 	C:\Users\ASUS\.openjfx\cache\17.0.2-ea\api-ms-win-core-timezone-l1-1-0.dll
0x00000267849e0000 - 0x00000267849e3000 	C:\Users\ASUS\.openjfx\cache\17.0.2-ea\api-ms-win-core-util-l1-1-0.dll
0x00000267849f0000 - 0x00000267849f3000 	C:\Users\ASUS\.openjfx\cache\17.0.2-ea\api-ms-win-crt-conio-l1-1-0.dll
0x0000026784a00000 - 0x0000026784a04000 	C:\Users\ASUS\.openjfx\cache\17.0.2-ea\api-ms-win-crt-convert-l1-1-0.dll
0x0000026784a10000 - 0x0000026784a13000 	C:\Users\ASUS\.openjfx\cache\17.0.2-ea\api-ms-win-crt-environment-l1-1-0.dll
0x0000026784a20000 - 0x0000026784a23000 	C:\Users\ASUS\.openjfx\cache\17.0.2-ea\api-ms-win-crt-filesystem-l1-1-0.dll
0x0000026784a30000 - 0x0000026784a33000 	C:\Users\ASUS\.openjfx\cache\17.0.2-ea\api-ms-win-crt-heap-l1-1-0.dll
0x0000026784a40000 - 0x0000026784a43000 	C:\Users\ASUS\.openjfx\cache\17.0.2-ea\api-ms-win-crt-locale-l1-1-0.dll
0x0000026784a50000 - 0x0000026784a55000 	C:\Users\ASUS\.openjfx\cache\17.0.2-ea\api-ms-win-crt-math-l1-1-0.dll
0x0000026784a60000 - 0x0000026784a65000 	C:\Users\ASUS\.openjfx\cache\17.0.2-ea\api-ms-win-crt-multibyte-l1-1-0.dll
0x0000026784a70000 - 0x0000026784a80000 	C:\Users\ASUS\.openjfx\cache\17.0.2-ea\api-ms-win-crt-private-l1-1-0.dll
0x0000026784a80000 - 0x0000026784a83000 	C:\Users\ASUS\.openjfx\cache\17.0.2-ea\api-ms-win-crt-process-l1-1-0.dll
0x0000026784a90000 - 0x0000026784a94000 	C:\Users\ASUS\.openjfx\cache\17.0.2-ea\api-ms-win-crt-runtime-l1-1-0.dll
0x0000026784aa0000 - 0x0000026784aa4000 	C:\Users\ASUS\.openjfx\cache\17.0.2-ea\api-ms-win-crt-stdio-l1-1-0.dll
0x0000026784ab0000 - 0x0000026784ab4000 	C:\Users\ASUS\.openjfx\cache\17.0.2-ea\api-ms-win-crt-string-l1-1-0.dll
0x0000026784ac0000 - 0x0000026784ac3000 	C:\Users\ASUS\.openjfx\cache\17.0.2-ea\api-ms-win-crt-time-l1-1-0.dll
0x0000026784ad0000 - 0x0000026784ad3000 	C:\Users\ASUS\.openjfx\cache\17.0.2-ea\api-ms-win-crt-utility-l1-1-0.dll
0x00007ffc6bed0000 - 0x00007ffc6bfcc000 	C:\Users\ASUS\.openjfx\cache\17.0.2-ea\ucrtbase.dll
0x00007ffcc8b20000 - 0x00007ffcc8b3a000 	C:\Users\ASUS\.openjfx\cache\17.0.2-ea\vcruntime140.dll
0x00007ffcc94a0000 - 0x00007ffcc94ac000 	C:\Users\ASUS\.openjfx\cache\17.0.2-ea\vcruntime140_1.dll
0x00007ffc8f7c0000 - 0x00007ffc8f84d000 	C:\Users\ASUS\.openjfx\cache\17.0.2-ea\msvcp140.dll
0x00007ffcc52c0000 - 0x00007ffcc52ea000 	C:\Users\ASUS\.openjfx\cache\17.0.2-ea\prism_d3d.dll
0x00007ffc778b0000 - 0x00007ffc77a59000 	C:\WINDOWS\system32\d3d9.dll
0x00007ffcd75c0000 - 0x00007ffcd75eb000 	C:\WINDOWS\SYSTEM32\dwmapi.dll
0x00007ffcd7630000 - 0x00007ffcd7669000 	C:\WINDOWS\SYSTEM32\dxcore.dll
0x00007ffcd7380000 - 0x00007ffcd742b000 	C:\WINDOWS\system32\uxtheme.dll
0x00007ffcd0250000 - 0x00007ffcd0408000 	C:\WINDOWS\System32\DriverStore\FileRepository\u0375185.inf_amd64_73f65969b9079bf6\B375122\aticfx64.dll
0x00007ffc41320000 - 0x00007ffc41354000 	C:\WINDOWS\System32\DriverStore\FileRepository\u0375185.inf_amd64_73f65969b9079bf6\B375122\atiu9p64.dll
0x00007ffc400b0000 - 0x00007ffc40e04000 	C:\WINDOWS\System32\DriverStore\FileRepository\u0375185.inf_amd64_73f65969b9079bf6\B375122\atiumd64.dll
0x00007ffcdc180000 - 0x00007ffcdc325000 	C:\WINDOWS\System32\ole32.dll
0x0000000056120000 - 0x0000000056f93000 	C:\WINDOWS\System32\DriverStore\FileRepository\u0375185.inf_amd64_73f65969b9079bf6\B375122\atiumd6a.dll
0x00007ffcdb840000 - 0x00007ffcdbcb4000 	C:\WINDOWS\System32\SETUPAPI.dll
0x00007ffcce200000 - 0x00007ffcce230000 	C:\WINDOWS\SYSTEM32\amdihk64.dll
0x00007ffcd3f50000 - 0x00007ffcd3f9a000 	C:\WINDOWS\SYSTEM32\directxdatabasehelper.dll
0x00007ffcc51b0000 - 0x00007ffcc51f2000 	C:\Users\ASUS\.openjfx\cache\17.0.2-ea\glass.dll
0x00007ffcdb440000 - 0x00007ffcdb539000 	C:\WINDOWS\System32\COMDLG32.dll
0x00007ffcdb5b0000 - 0x00007ffcdb703000 	C:\WINDOWS\System32\MSCTF.dll
0x00007ffcb0410000 - 0x00007ffcb0424000 	C:\Users\ASUS\.openjfx\cache\17.0.2-ea\javafx_font.dll
0x00007ffcd5e10000 - 0x00007ffcd6084000 	C:\WINDOWS\SYSTEM32\dwrite.dll
0x00007ffcd8940000 - 0x00007ffcd8a39000 	C:\WINDOWS\SYSTEM32\DNSAPI.dll
0x00007ffcd8910000 - 0x00007ffcd893d000 	C:\WINDOWS\SYSTEM32\IPHLPAPI.DLL
0x00007ffcdc450000 - 0x00007ffcdc459000 	C:\WINDOWS\System32\NSI.dll
0x00007ffcce120000 - 0x00007ffcce12a000 	C:\Windows\System32\rasadhlp.dll
0x00007ffcd1570000 - 0x00007ffcd15f3000 	C:\WINDOWS\System32\fwpuclnt.dll
0x00007ffcdc460000 - 0x00007ffcdc510000 	C:\WINDOWS\System32\clbcatq.dll
0x00007ffcd5870000 - 0x00007ffcd5a20000 	C:\WINDOWS\SYSTEM32\WindowsCodecs.dll
0x00007ffca1e70000 - 0x00007ffca1ece000 	C:\WINDOWS\system32\dataexchange.dll
0x00007ffcd1ec0000 - 0x00007ffcd214e000 	C:\WINDOWS\system32\twinapi.appcore.dll
0x00007ffc8d470000 - 0x00007ffc8d4a2000 	C:\Program Files\Common Files\Microsoft Shared\Ink\rtscom.dll
0x00007ffcca4b0000 - 0x00007ffcca5fa000 	C:\WINDOWS\SYSTEM32\textinputframework.dll
0x00007ffcd6f50000 - 0x00007ffcd7084000 	C:\WINDOWS\SYSTEM32\CoreMessaging.dll
0x00007ffcd3450000 - 0x00007ffcd37bc000 	C:\WINDOWS\SYSTEM32\CoreUIComponents.dll
0x00007ffcd9730000 - 0x00007ffcd973c000 	C:\WINDOWS\SYSTEM32\CRYPTBASE.DLL

dbghelp: loaded successfully - version: 4.0.5 - missing functions: none
symbol engine: initialized successfully - sym options: 0x614 - pdb path: .;C:\Users\ASUS\.jdks\jbr-17.0.9\bin;C:\WINDOWS\SYSTEM32;C:\WINDOWS\WinSxS\amd64_microsoft.windows.common-controls_6595b64144ccf1df_6.0.22621.3235_none_270f74e173860f98;C:\Users\ASUS\.jdks\jbr-17.0.9\bin\server;C:\Program Files\JetBrains\IntelliJ IDEA Community Edition 2022.3\bin;C:\Users\ASUS\.openjfx\cache\17.0.2-ea;C:\WINDOWS\System32\DriverStore\FileRepository\u0375185.inf_amd64_73f65969b9079bf6\B375122;C:\Program Files\Common Files\Microsoft Shared\Ink

VM Arguments:
jvm_args: -javaagent:C:\Program Files\JetBrains\IntelliJ IDEA Community Edition 2022.3\lib\idea_rt.jar=51547:C:\Program Files\JetBrains\IntelliJ IDEA Community Edition 2022.3\bin -Dfile.encoding=UTF-8 --module-path=C:\Users\ASUS\.m2\repository\org\openjfx\javafx-controls\17.0.2\javafx-controls-17.0.2-win.jar;C:\Users\ASUS\.m2\repository\org\openjfx\javafx-graphics\17.0.2\javafx-graphics-17.0.2-win.jar;C:\Users\ASUS\.m2\repository\org\openjfx\javafx-fxml\17.0.2\javafx-fxml-17.0.2-win.jar;C:\Users\ASUS\.m2\repository\org\openjfx\javafx-base\17.0.2\javafx-base-17.0.2-win.jar;C:\xamp\htdocs\demo\target\classes -Djdk.module.main=com.example.demo 
java_command: com.example.demo/com.example.demo.HelloApplication
java_class_path (initial): C:\Users\ASUS\.m2\repository\com\mysql\mysql-connector-j\8.0.32\mysql-connector-j-8.0.32.jar;C:\Users\ASUS\.m2\repository\com\google\protobuf\protobuf-java\3.21.9\protobuf-java-3.21.9.jar;C:\Users\ASUS\.m2\repository\org\openjfx\javafx-controls\17.0.2\javafx-controls-17.0.2.jar;C:\Users\ASUS\.m2\repository\org\openjfx\javafx-graphics\17.0.2\javafx-graphics-17.0.2.jar;C:\Users\ASUS\.m2\repository\org\openjfx\javafx-base\17.0.2\javafx-base-17.0.2.jar;C:\Users\ASUS\.m2\repository\org\knowm\xchart\xchart\3.8.0\xchart-3.8.0.jar;C:\Users\ASUS\.m2\repository\de\erichseifert\vectorgraphics2d\VectorGraphics2D\0.13\VectorGraphics2D-0.13.jar;C:\Users\ASUS\.m2\repository\de\rototor\pdfbox\graphics2d\0.30\graphics2d-0.30.jar;C:\Users\ASUS\.m2\repository\org\apache\pdfbox\pdfbox\2.0.22\pdfbox-2.0.22.jar;C:\Users\ASUS\.m2\repository\org\apache\pdfbox\fontbox\2.0.22\fontbox-2.0.22.jar;C:\Users\ASUS\.m2\repository\commons-logging\commons-logging\1.2\commons-logging-1.2.jar;C:\Users\ASUS\.m2\repository\com\madgag\animated-gif-lib\1.4\animated-gif-lib-1.4.jar;C:\Users\ASUS\.m2\repository\org\openjfx\javafx-fxml\17.0.2\javafx-fxml-17.0.2.jar
Launcher Type: SUN_STANDARD

[Global flags]
     intx CICompilerCount                          = 3                                         {product} {ergonomic}
     uint ConcGCThreads                            = 2                                         {product} {ergonomic}
     uint G1ConcRefinementThreads                  = 6                                         {product} {ergonomic}
   size_t G1HeapRegionSize                         = 2097152                                   {product} {ergonomic}
    uintx GCDrainStackTargetSize                   = 64                                        {product} {ergonomic}
   size_t InitialHeapSize                          = 260046848                                 {product} {ergonomic}
   size_t MarkStackSize                            = 4194304                                   {product} {ergonomic}
   size_t MaxHeapSize                              = 4141875200                                {product} {ergonomic}
   size_t MaxNewSize                               = 2485125120                                {product} {ergonomic}
   size_t MinHeapDeltaBytes                        = 2097152                                   {product} {ergonomic}
   size_t MinHeapSize                              = 8388608                                   {product} {ergonomic}
    uintx NonNMethodCodeHeapSize                   = 5832780                                {pd product} {ergonomic}
    uintx NonProfiledCodeHeapSize                  = 122912730                              {pd product} {ergonomic}
    uintx ProfiledCodeHeapSize                     = 122912730                              {pd product} {ergonomic}
    uintx ReservedCodeCacheSize                    = 251658240                              {pd product} {ergonomic}
     bool SegmentedCodeCache                       = true                                      {product} {ergonomic}
   size_t SoftMaxHeapSize                          = 4141875200                             {manageable} {ergonomic}
     bool UseCompressedClassPointers               = true                           {product lp64_product} {ergonomic}
     bool UseCompressedOops                        = true                           {product lp64_product} {ergonomic}
     bool UseG1GC                                  = true                                      {product} {ergonomic}
     bool UseLargePagesIndividualAllocation        = false                                  {pd product} {ergonomic}

Logging:
Log output configuration:
 #0: stdout all=off uptime,level,tags
 #1: stderr all=off uptime,level,tags

Environment Variables:
PATH=C:\app\ASUS\product\21c\dbhomeXE\bin;C:\oraclexe\app\oracle\product\10.2.0\server\bin;C:\Python311\Scripts\;C:\Python311\;C:\Program Files\Common Files\Oracle\Java\javapath;C:\WINDOWS\system32;C:\WINDOWS;C:\WINDOWS\System32\Wbem;C:\WINDOWS\System32\WindowsPowerShell\v1.0\;C:\WINDOWS\System32\OpenSSH\;C:\ProgramData\ComposerSetup\bin;C:\Program Files\Git\cmd;C:\ProgramData\chocolatey\bin;C:\HashiCorp\Vagrant\bin;C:\Program Files\Docker\Docker\resources\bin;C:\Program Files\nodejs\node_modules\npm;C:\Program Files\nodejs\;C:\xaamp\php;C:\Program Files (x86)\Microsoft SQL Server\110\DTS\Binn\;C:\Program Files (x86)\Microsoft SQL Server\110\Tools\Binn\;C:\Program Files (x86)\Microsoft SQL Server\110\Tools\Binn\ManagementStudio\;C:\Program Files (x86)\Microsoft Visual Studio 10.0\Common7\IDE\PrivateAssemblies\;C:\Program Files\Microsoft SQL Server\150\Tools\Binn\;C:\Program Files\Microsoft SQL Server\Client SDK\ODBC\170\Tools\Binn\;C:\Program Files\dotnet\;C:\xamp\php;C:\Users\ASUS\scoop\shims;C:\Users\ASUS\AppData\Local\Programs\Microsoft VS Code\bin;C:\Program Files\nodejs\;C:\Program Files\nodejs\node_modules\npm;C:\Users\ASUS\AppData\Roaming\npm;C:\Users\ASUS\AppData\Local\Microsoft\WindowsApps;C:\Users\ASUS\AppData\Local\GitHubDesktop\bin;C:\Users\ASUS\.dotnet\tools;C:\xamp\php;
USERNAME=ASUS
OS=Windows_NT
PROCESSOR_IDENTIFIER=AMD64 Family 23 Model 96 Stepping 1, AuthenticAMD
TMP=C:\Users\ASUS\AppData\Local\Temp
TEMP=C:\Users\ASUS\AppData\Local\Temp



Periodic native trim disabled

JNI global refs:
JNI global refs: 26, weak refs: 0

JNI global refs memory usage: 843, weak refs: 209

OOME stack traces (most recent first):
Classloader memory used:
Loader bootstrap                                                                       : 1937K
Loader jdk.internal.loader.ClassLoaders$AppClassLoader                                 : 1551K
Loader jdk.internal.loader.ClassLoaders$PlatformClassLoader                            : 43814B
Loader jdk.internal.reflect.DelegatingClassLoader                                      : 1560B
Loader com.sun.javafx.reflect.MethodUtil                                               : 364B


---------------  S Y S T E M  ---------------

OS:
 Windows 11 , 64 bit Build 22621 (10.0.22621.3374)
OS uptime: 7 days 18:50 hours
Hyper-V role detected

CPU: total 6 (initial active 6) (6 cores per cpu, 1 threads per core) family 23 model 96 stepping 1 microcode 0x0, cx8, cmov, fxsr, mmx, 3dnowpref, sse, sse2, sse3, ssse3, sse4a, sse4.1, sse4.2, popcnt, lzcnt, tsc, tscinvbit, avx, avx2, aes, clmul, bmi1, bmi2, adx, sha, fma, vzeroupper, clflush, clflushopt, hv
Processor Information for all 6 processors :
  Max Mhz: 2375, Current Mhz: 2375, Mhz Limit: 2375

Memory: 4k page, system-wide physical 15792M (1892M free)
TotalPageFile size 40368M (AvailPageFile size 14694M)
current process WorkingSet (physical memory assigned to process): 167M, peak: 167M
current process commit charge ("private bytes"): 210M, peak: 401M

vm_info: OpenJDK 64-Bit Server VM (17.0.9+8-b1166.2) for windows-amd64 JRE (17.0.9+8-b1166.2), built on 2024-01-13 by "builduser" with MS VC++ 16.10 / 16.11 (VS2019)

END.
