#
# A fatal error has been detected by the Java Runtime Environment:
#
#  EXCEPTION_ACCESS_VIOLATION (0xc0000005) at pc=0x00007ffcc51d6ab7, pid=61304, tid=57128
#
# JRE version: OpenJDK Runtime Environment JBR-17.0.9+8-1166.2-nomod (17.0.9+8) (build 17.0.9+8-b1166.2)
# Java VM: OpenJDK 64-Bit Server VM JBR-17.0.9+8-1166.2-nomod (17.0.9+8-b1166.2, mixed mode, tiered, compressed oops, compressed class ptrs, g1 gc, windows-amd64)
# Problematic frame:
# C  [glass.dll+0x26ab7]
#
# No core dump will be written. Minidumps are not enabled by default on client versions of Windows
#
# If you would like to submit a bug report, please visit:
#   https://youtrack.jetbrains.com/issues/JBR
#

---------------  S U M M A R Y ------------

Command Line: -javaagent:C:\Program Files\JetBrains\IntelliJ IDEA Community Edition 2022.3\lib\idea_rt.jar=51543:C:\Program Files\JetBrains\IntelliJ IDEA Community Edition 2022.3\bin -Dfile.encoding=UTF-8 --module-path=C:\Users\ASUS\.m2\repository\org\openjfx\javafx-controls\17.0.2\javafx-controls-17.0.2-win.jar;C:\Users\ASUS\.m2\repository\org\openjfx\javafx-graphics\17.0.2\javafx-graphics-17.0.2-win.jar;C:\Users\ASUS\.m2\repository\org\openjfx\javafx-fxml\17.0.2\javafx-fxml-17.0.2-win.jar;C:\Users\ASUS\.m2\repository\org\openjfx\javafx-base\17.0.2\javafx-base-17.0.2-win.jar;C:\xamp\htdocs\demo\target\classes -Djdk.module.main=com.example.demo com.example.demo/com.example.demo.HelloApplication

Host: AMD Ryzen 5 4500U with Radeon Graphics         , 6 cores, 15G,  Windows 11 , 64 bit Build 22621 (10.0.22621.3374)
Time: Mon Apr 29 17:45:50 2024 Afr. centrale Ouest elapsed time: 17.999346 seconds (0d 0h 0m 17s)

---------------  T H R E A D  ---------------

Current thread (0x000002b4c94895e0):  VMThread "VM Thread" [stack: 0x000000ec1e200000,0x000000ec1e300000] [id=57128]

Stack: [0x000000ec1e200000,0x000000ec1e300000],  sp=0x000000ec1e2ff270,  free space=1020k
Native frames: (J=compiled Java code, j=interpreted, Vv=VM code, C=native code)
C  [glass.dll+0x26ab7]


siginfo: EXCEPTION_ACCESS_VIOLATION (0xc0000005), reading address 0x0000000000000000


Registers:
RAX=0x0000000000000000, RBX=0x000002b4c9494f58, RCX=0x000002b4c94895e0, RDX=0x000000ec1e2ff270
RSP=0x000000ec1e2ff270, RBP=0x000002b4ce64fe58, RSI=0x000000ec1e2ff378, RDI=0x000002b4ce64fe30
R8 =0x0000000000010002, R9 =0x000002b4ce64fe30, R10=0x85f13e9656da4870, R11=0x000000ec1e2ff200
R12=0x00007ffcc51d4384, R13=0x00007ffc4c69ccb0, R14=0x0000e125fcbab2a5, R15=0x000002b4ce64fe30
RIP=0x00007ffcc51d6ab7, EFLAGS=0x0000000000010202


Register to memory mapping:

RIP=0x00007ffcc51d6ab7 glass.dll
RAX=0x0 is NULL
RBX=0x000002b4c9494f58 is a global jni handle
RCX=0x000002b4c94895e0 points into unknown readable memory: 0x00007ffc4c4bb578 | 78 b5 4b 4c fc 7f 00 00
RDX=0x000000ec1e2ff270 points into unknown readable memory: 0x0000000000000000 | 00 00 00 00 00 00 00 00
RSP=0x000000ec1e2ff270 points into unknown readable memory: 0x0000000000000000 | 00 00 00 00 00 00 00 00
RBP=0x000002b4ce64fe58 points into unknown readable memory: 0x0000e125fcbab2a5 | a5 b2 ba fc 25 e1 00 00
RSI=0x000000ec1e2ff378 points into unknown readable memory: 0x000000ec1e2ff360 | 60 f3 2f 1e ec 00 00 00
RDI=0x000002b4ce64fe30 points into unknown readable memory: 0xa3a732a5fcb54d3d | 3d 4d b5 fc a5 32 a7 a3
R8 =0x0000000000010002 is an unknown value
R9 =0x000002b4ce64fe30 points into unknown readable memory: 0xa3a732a5fcb54d3d | 3d 4d b5 fc a5 32 a7 a3
R10=0x85f13e9656da4870 is an unknown value
R11=0x000000ec1e2ff200 points into unknown readable memory: 0x000002b4ce64fe30 | 30 fe 64 ce b4 02 00 00
R12=0x00007ffcc51d4384 glass.dll
R13=0x00007ffc4c69ccb0 jvm.dll::LogTagSetMapping<159,0,0,0,0,0>::_tagset + 0x0
R14=0x0000e125fcbab2a5 is an unknown value
R15=0x000002b4ce64fe30 points into unknown readable memory: 0xa3a732a5fcb54d3d | 3d 4d b5 fc a5 32 a7 a3


Top of Stack: (sp=0x000000ec1e2ff270)
0x000000ec1e2ff270:   0000000000000000 000000ec1e2ff378
0x000000ec1e2ff280:   00007ffc4c69ccb0 00007ffcc51d4384
0x000000ec1e2ff290:   000002b4ce64fe38 00007ffcdad43a53
0x000000ec1e2ff2a0:   000002b4ce64fe30 000002b400000000
0x000000ec1e2ff2b0:   000002b4ce64fe58 000000ec1e2ff378
0x000000ec1e2ff2c0:   fffffffffffffffe 0000000000000000
0x000000ec1e2ff2d0:   0000000000000001 00007ffcc51b0000
0x000000ec1e2ff2e0:   000000ec1e2ff368 00007ffcdad1042e
0x000000ec1e2ff2f0:   0000000000000000 000000ec1e2ff378
0x000000ec1e2ff300:   000000ec1e2ff660 0000000000000001
0x000000ec1e2ff310:   0000000000000001 00007ffcdad0dddd
0x000000ec1e2ff320:   0000000000000000 00007ffcc51d3b7d
0x000000ec1e2ff330:   000000ec1e2ff660 000000ec1e2ff368
0x000000ec1e2ff340:   fffffffffffffffe 00007ffcd8940000
0x000000ec1e2ff350:   0000000000000000 00007ffcc51d4211
0x000000ec1e2ff360:   00007ffcc51ea138 00007ffc00000002
0x000000ec1e2ff370:   000002b400000002 000000ec1e2ff360
0x000000ec1e2ff380:   0000000000000000 00007ffcdd398603
0x000000ec1e2ff390:   0000000000000000 00007ffcc51d4336
0x000000ec1e2ff3a0:   0000000000000001 0000000000000ae4
0x000000ec1e2ff3b0:   0000000000000001 0000000000000000
0x000000ec1e2ff3c0:   00007ffcdc450000 00007ffcdc452061
0x000000ec1e2ff3d0:   000002b400000001 0000000000000016
0x000000ec1e2ff3e0:   00007ffcc51b0000 000000007ffe0384
0x000000ec1e2ff3f0:   0000000000000000 00007ffcdd39869f
0x000000ec1e2ff400:   00007ffcc51b0000 0000000000000000
0x000000ec1e2ff410:   0000000000000001 000000007ffe0385
0x000000ec1e2ff420:   0000000000000000 00007ffcdd3c12e9
0x000000ec1e2ff430:   00003664d57cfc00 0000000000000014
0x000000ec1e2ff440:   00007ffcc51d4384 0000000000000000
0x000000ec1e2ff450:   0000000000000000 000000ec1d6da000
0x000000ec1e2ff460:   000002b4ce670050 00007ffcdd3c10a6 

Instructions: (pc=0x00007ffcc51d6ab7)
0x00007ffcc51d69b7:   8b 4d 58 e8 01 cf ff ff 48 8b 4d 60 e8 f8 ce ff
0x00007ffcc51d69c7:   ff 48 8b 95 80 00 00 00 48 8b 8d 18 01 00 00 e8
0x00007ffcc51d69d7:   c6 c3 ff ff 33 d2 33 c9 e8 3c e1 ff ff 90 48 89
0x00007ffcc51d69e7:   54 24 10 55 48 83 ec 20 48 8b ea 48 b8 00 00 00
0x00007ffcc51d69f7:   00 00 00 00 00 48 83 c4 20 5d c3 cc 40 55 48 8b
0x00007ffcc51d6a07:   ea 48 8b 01 33 c9 81 38 05 00 00 c0 0f 94 c1 8b
0x00007ffcc51d6a17:   c1 5d c3 cc 40 55 48 83 ec 20 48 8b ea 8a 4d 40
0x00007ffcc51d6a27:   48 83 c4 20 5d e9 f7 d2 ff ff cc 40 55 48 83 ec
0x00007ffcc51d6a37:   20 48 8b ea 8a 4d 20 e8 e5 d2 ff ff 90 48 83 c4
0x00007ffcc51d6a47:   20 5d c3 cc 40 55 48 83 ec 20 48 8b ea 48 83 c4
0x00007ffcc51d6a57:   20 5d e9 46 d1 ff ff cc 40 55 48 83 ec 30 48 8b
0x00007ffcc51d6a67:   ea 48 8b 01 8b 10 48 89 4c 24 28 89 54 24 20 4c
0x00007ffcc51d6a77:   8d 0d e7 d5 ff ff 4c 8b 45 70 8b 55 68 48 8b 4d
0x00007ffcc51d6a87:   60 e8 87 d0 ff ff 90 48 83 c4 30 5d c3 cc cc cc
0x00007ffcc51d6a97:   cc cc cc cc cc cc cc cc cc 40 53 48 83 ec 20 48
0x00007ffcc51d6aa7:   8b 1d 83 30 01 00 48 85 db 74 16 e8 09 8b ff ff
0x00007ffcc51d6ab7:   4c 8b 00 48 8b d3 48 8b c8 41 ff 90 b0 00 00 00
0x00007ffcc51d6ac7:   90 48 83 c4 20 5b c3 cc cc 40 53 48 83 ec 20 48
0x00007ffcc51d6ad7:   8b 1d fb 31 01 00 48 85 db 74 57 b8 ff ff ff ff
0x00007ffcc51d6ae7:   f0 0f c1 43 10 83 f8 01 75 3d 48 85 db 74 38 48
0x00007ffcc51d6af7:   8b 0b 48 85 c9 74 0d ff 15 a4 07 00 00 48 c7 03
0x00007ffcc51d6b07:   00 00 00 00 48 8b 4b 08 48 85 c9 74 0d e8 a7 cd
0x00007ffcc51d6b17:   ff ff 48 c7 43 08 00 00 00 00 ba 18 00 00 00 48
0x00007ffcc51d6b27:   8b cb e8 92 cd ff ff 48 c7 05 9f 31 01 00 00 00
0x00007ffcc51d6b37:   00 00 48 83 c4 20 5b c3 cc 40 53 48 83 ec 20 48
0x00007ffcc51d6b47:   8b 1d 6b 31 01 00 48 85 db 74 57 b8 ff ff ff ff
0x00007ffcc51d6b57:   f0 0f c1 43 10 83 f8 01 75 3d 48 85 db 74 38 48
0x00007ffcc51d6b67:   8b 0b 48 85 c9 74 0d ff 15 34 07 00 00 48 c7 03
0x00007ffcc51d6b77:   00 00 00 00 48 8b 4b 08 48 85 c9 74 0d e8 37 cd
0x00007ffcc51d6b87:   ff ff 48 c7 43 08 00 00 00 00 ba 18 00 00 00 48
0x00007ffcc51d6b97:   8b cb e8 22 cd ff ff 48 c7 05 0f 31 01 00 00 00
0x00007ffcc51d6ba7:   00 00 48 83 c4 20 5b c3 cc 40 53 48 83 ec 20 48 


Stack slot to memory mapping:
stack at sp + 0 slots: 0x0 is NULL
stack at sp + 1 slots: 0x000000ec1e2ff378 points into unknown readable memory: 0x000000ec1e2ff360 | 60 f3 2f 1e ec 00 00 00
stack at sp + 2 slots: 0x00007ffc4c69ccb0 jvm.dll::LogTagSetMapping<159,0,0,0,0,0>::_tagset + 0x0
stack at sp + 3 slots: 0x00007ffcc51d4384 glass.dll
stack at sp + 4 slots: 0x000002b4ce64fe38 points into unknown readable memory: 0x0000e125fcbab2a5 | a5 b2 ba fc 25 e1 00 00
stack at sp + 5 slots: 0x00007ffcdad43a53 ucrtbase.dll
stack at sp + 6 slots: 0x000002b4ce64fe30 points into unknown readable memory: 0xa3a732a5fcb54d3d | 3d 4d b5 fc a5 32 a7 a3
stack at sp + 7 slots: 0x000002b400000000 is an unknown value

VM_Operation (0x000000ec20cff440): Exit, mode: safepoint, requested by thread 0x000002b4d2fb9770


---------------  P R O C E S S  ---------------

Threads class SMR info:
_java_thread_list=0x000002b4d345d690, length=22, elements={
0x000002b4aaf1f0a0, 0x000002b4c94ac680, 0x000002b4c94ad210, 0x000002b4c9497d70,
0x000002b4c94d33f0, 0x000002b4c94d3cc0, 0x000002b4c94d4590, 0x000002b4c94d5190,
0x000002b4c94d5b50, 0x000002b4c94d8870, 0x000002b4c9594000, 0x000002b4c9837540,
0x000002b4c9837a20, 0x000002b4ce1fd320, 0x000002b4ce6bb520, 0x000002b4ce6c4a40,
0x000002b4d2fca420, 0x000002b4ce6d5340, 0x000002b4d2fb8330, 0x000002b4d2fb9260,
0x000002b4d2fb8840, 0x000002b4d2fb9770
}

Java Threads: ( => current thread )
  0x000002b4aaf1f0a0 JavaThread "main" [_thread_blocked, id=51424, stack(0x000000ec1dc00000,0x000000ec1dd00000)]
  0x000002b4c94ac680 JavaThread "Reference Handler" daemon [_thread_blocked, id=61236, stack(0x000000ec1e300000,0x000000ec1e400000)]
  0x000002b4c94ad210 JavaThread "Finalizer" daemon [_thread_blocked, id=23968, stack(0x000000ec1e400000,0x000000ec1e500000)]
  0x000002b4c9497d70 JavaThread "Signal Dispatcher" daemon [_thread_blocked, id=59928, stack(0x000000ec1e500000,0x000000ec1e600000)]
  0x000002b4c94d33f0 JavaThread "Attach Listener" daemon [_thread_blocked, id=57104, stack(0x000000ec1e600000,0x000000ec1e700000)]
  0x000002b4c94d3cc0 JavaThread "Service Thread" daemon [_thread_blocked, id=48356, stack(0x000000ec1e700000,0x000000ec1e800000)]
  0x000002b4c94d4590 JavaThread "Monitor Deflation Thread" daemon [_thread_blocked, id=60408, stack(0x000000ec1e800000,0x000000ec1e900000)]
  0x000002b4c94d5190 JavaThread "C2 CompilerThread0" daemon [_thread_blocked, id=18964, stack(0x000000ec1e900000,0x000000ec1ea00000)]
  0x000002b4c94d5b50 JavaThread "C1 CompilerThread0" daemon [_thread_blocked, id=57244, stack(0x000000ec1ea00000,0x000000ec1eb00000)]
  0x000002b4c94d8870 JavaThread "Sweeper thread" daemon [_thread_blocked, id=17900, stack(0x000000ec1eb00000,0x000000ec1ec00000)]
  0x000002b4c9594000 JavaThread "Common-Cleaner" daemon [_thread_blocked, id=60752, stack(0x000000ec1ec00000,0x000000ec1ed00000)]
  0x000002b4c9837540 JavaThread "Monitor Ctrl-Break" daemon [_thread_in_native, id=36208, stack(0x000000ec1ee00000,0x000000ec1ef00000)]
  0x000002b4c9837a20 JavaThread "Notification Thread" daemon [_thread_blocked, id=53312, stack(0x000000ec1ef00000,0x000000ec1f000000)]
  0x000002b4ce1fd320 JavaThread "QuantumRenderer-0" daemon [_thread_blocked, id=30424, stack(0x000000ec1f100000,0x000000ec1f200000)]
  0x000002b4ce6bb520 JavaThread "InvokeLaterDispatcher" daemon [_thread_blocked, id=59084, stack(0x000000ec1f400000,0x000000ec1f500000)]
  0x000002b4ce6c4a40 JavaThread "JavaFX Application Thread" [_thread_in_native, id=57176, stack(0x000000ec1f500000,0x000000ec1f600000)]
  0x000002b4d2fca420 JavaThread "Thread-1" daemon [_thread_in_native, id=50964, stack(0x000000ec1fe00000,0x000000ec1ff00000)]
  0x000002b4ce6d5340 JavaThread "JavaFX-Launcher" [_thread_blocked, id=58904, stack(0x000000ec1ff00000,0x000000ec20000000)]
  0x000002b4d2fb8330 JavaThread "Prism Font Disposer" daemon [_thread_blocked, id=56980, stack(0x000000ec20500000,0x000000ec20600000)]
  0x000002b4d2fb9260 JavaThread "mysql-cj-abandoned-connection-cleanup" daemon [_thread_blocked, id=41916, stack(0x000000ec20600000,0x000000ec20700000)]
  0x000002b4d2fb8840 JavaThread "Cleaner-0" daemon [_thread_blocked, id=61196, stack(0x000000ec20a00000,0x000000ec20b00000)]
  0x000002b4d2fb9770 JavaThread "SIGINT handler" daemon [_thread_blocked, id=55220, stack(0x000000ec20c00000,0x000000ec20d00000)]

Other Threads:
=>0x000002b4c94895e0 VMThread "VM Thread" [stack: 0x000000ec1e200000,0x000000ec1e300000] [id=57128]
  0x000002b4aaf870a0 GCTaskThread "GC Thread#0" [stack: 0x000000ec1dd00000,0x000000ec1de00000] [id=51160]
  0x000002b4ce6d7040 GCTaskThread "GC Thread#1" [stack: 0x000000ec20000000,0x000000ec20100000] [id=50992]
  0x000002b4d2fd6b00 GCTaskThread "GC Thread#2" [stack: 0x000000ec20100000,0x000000ec20200000] [id=58156]
  0x000002b4d2fd6dc0 GCTaskThread "GC Thread#3" [stack: 0x000000ec20200000,0x000000ec20300000] [id=42368]
  0x000002b4d2fd7080 GCTaskThread "GC Thread#4" [stack: 0x000000ec20300000,0x000000ec20400000] [id=59972]
  0x000002b4d2fd7b50 GCTaskThread "GC Thread#5" [stack: 0x000000ec20400000,0x000000ec20500000] [id=53988]
  0x000002b4aaf975d0 ConcurrentGCThread "G1 Main Marker" terminated
  0x000002b4aaf97f00 ConcurrentGCThread "G1 Conc#0" [stack: 0x000000ec1df00000,0x000000ec1e000000] [id=47036]
  0x000002b4d3465d60 ConcurrentGCThread "G1 Conc#1" [stack: 0x000000ec20700000,0x000000ec20800000] [id=16932]
  0x000002b4aafcd5f0 ConcurrentGCThread "G1 Refine#0" terminated
  0x000002b4d52f1830 ConcurrentGCThread "G1 Refine#1" terminated
  0x000002b4aafcde30 ConcurrentGCThread "G1 Service" terminated

Threads with active compile tasks:

VM state: at safepoint (shutting down)

VM Mutex/Monitor currently owned by a thread:  ([mutex/lock_event])
[0x000002b4aaf1b5f0] Threads_lock - owner thread: 0x000002b4c94895e0
[0x000002b4aaf1a990] Heap_lock - owner thread: 0x000002b4d2fb9770

Heap address: 0x0000000709200000, size: 3950 MB, Compressed Oops mode: Zero based, Oop shift amount: 3

CDS archive(s) not mapped
Compressed class space mapped at: 0x0000000800000000-0x0000000840000000, reserved size: 1073741824
Narrow klass base: 0x0000000800000000, Narrow klass shift: 0, Narrow klass range: 0x40000000

GC Precious Log:
 CPUs: 6 total, 6 available
 Memory: 15792M
 Large Page Support: Disabled
 NUMA Support: Disabled
 Compressed Oops: Enabled (Zero based)
 Heap Region Size: 2M
 Heap Min Capacity: 8M
 Heap Initial Capacity: 248M
 Heap Max Capacity: 3950M
 Pre-touch: Disabled
 Parallel Workers: 6
 Concurrent Workers: 2
 Concurrent Refinement Workers: 6
 Periodic GC: Disabled

Heap:
 garbage-first heap   total 40960K, used 14059K [0x0000000709200000, 0x0000000800000000)
  region size 2048K, 3 young (6144K), 1 survivors (2048K)
 Metaspace       used 27794K, committed 28032K, reserved 1114112K
  class space    used 3311K, committed 3456K, reserved 1048576K

Heap Regions: E=young(eden), S=young(survivor), O=old, HS=humongous(starts), HC=humongous(continues), CS=collection set, F=free, OA=open archive, CA=closed archive, TAMS=top-at-mark-start (previous, next)
|   0|0x0000000709200000, 0x0000000709200000, 0x0000000709400000|  0%| F|  |TAMS 0x0000000709200000, 0x0000000709200000| Untracked 
|   1|0x0000000709400000, 0x0000000709600000, 0x0000000709600000|100%| O|  |TAMS 0x0000000709400000, 0x0000000709400000| Untracked 
|   2|0x0000000709600000, 0x0000000709800000, 0x0000000709800000|100%| O|  |TAMS 0x0000000709600000, 0x0000000709600000| Untracked 
|   3|0x0000000709800000, 0x0000000709a00000, 0x0000000709a00000|100%| O|  |TAMS 0x0000000709800000, 0x0000000709800000| Untracked 
|   4|0x0000000709a00000, 0x0000000709c00000, 0x0000000709c00000|100%|HS|  |TAMS 0x0000000709a00000, 0x0000000709a00000| Complete 
|   5|0x0000000709c00000, 0x0000000709e00000, 0x0000000709e00000|100%| O|  |TAMS 0x0000000709c00000, 0x0000000709c00000| Untracked 
|   6|0x0000000709e00000, 0x0000000709e00000, 0x000000070a000000|  0%| F|  |TAMS 0x0000000709e00000, 0x0000000709e00000| Untracked 
|   7|0x000000070a000000, 0x000000070a000000, 0x000000070a200000|  0%| F|  |TAMS 0x000000070a000000, 0x000000070a000000| Untracked 
|   8|0x000000070a200000, 0x000000070a30b200, 0x000000070a400000| 52%| O|  |TAMS 0x000000070a200000, 0x000000070a200000| Untracked 
|   9|0x000000070a400000, 0x000000070a400000, 0x000000070a600000|  0%| F|  |TAMS 0x000000070a400000, 0x000000070a400000| Untracked 
|  10|0x000000070a600000, 0x000000070a600000, 0x000000070a800000|  0%| F|  |TAMS 0x000000070a600000, 0x000000070a600000| Untracked 
|  11|0x000000070a800000, 0x000000070a800000, 0x000000070aa00000|  0%| F|  |TAMS 0x000000070a800000, 0x000000070a800000| Untracked 
|  12|0x000000070aa00000, 0x000000070aa00000, 0x000000070ac00000|  0%| F|  |TAMS 0x000000070aa00000, 0x000000070aa00000| Untracked 
|  13|0x000000070ac00000, 0x000000070ac00000, 0x000000070ae00000|  0%| F|  |TAMS 0x000000070ac00000, 0x000000070ac00000| Untracked 
|  14|0x000000070ae00000, 0x000000070ae00000, 0x000000070b000000|  0%| F|  |TAMS 0x000000070ae00000, 0x000000070ae00000| Untracked 
| 105|0x0000000716400000, 0x0000000716400000, 0x0000000716600000|  0%| F|  |TAMS 0x0000000716400000, 0x0000000716400000| Untracked 
| 106|0x0000000716600000, 0x0000000716600000, 0x0000000716800000|  0%| F|  |TAMS 0x0000000716600000, 0x0000000716600000| Untracked 
| 107|0x0000000716800000, 0x0000000716800800, 0x0000000716a00000|  0%| E|  |TAMS 0x0000000716800000, 0x0000000716800000| Complete 
| 122|0x0000000718600000, 0x00000007186afb80, 0x0000000718800000| 34%| S|CS|TAMS 0x0000000718600000, 0x0000000718600000| Complete 
| 123|0x0000000718800000, 0x0000000718a00000, 0x0000000718a00000|100%| E|CS|TAMS 0x0000000718800000, 0x0000000718800000| Complete 

Card table byte_map: [0x000002b4bdfb0000,0x000002b4be770000] _byte_map_base: 0x000002b4ba767000

Marking Bits (Prev, Next): (CMBitMap*) 0x000002b4aaf87610, (CMBitMap*) 0x000002b4aaf875d0
 Prev Bits: [0x000002b4c2cf0000, 0x000002b4c6aa8000)
 Next Bits: [0x000002b4bef30000, 0x000002b4c2ce8000)

Polling page: 0x000002b4a8e10000

Metaspace:

Usage:
  Non-class:     23.91 MB used.
      Class:      3.23 MB used.
       Both:     27.14 MB used.

Virtual space:
  Non-class space:       64.00 MB reserved,      24.00 MB ( 38%) committed,  1 nodes.
      Class space:        1.00 GB reserved,       3.38 MB ( <1%) committed,  1 nodes.
             Both:        1.06 GB reserved,      27.38 MB (  3%) committed. 

Chunk freelists:
   Non-Class:  7.81 MB
       Class:  12.46 MB
        Both:  20.28 MB

MaxMetaspaceSize: unlimited
CompressedClassSpaceSize: 1.00 GB
Initial GC threshold: 21.00 MB
Current GC threshold: 35.31 MB
CDS: off
MetaspaceReclaimPolicy: balanced
 - commit_granule_bytes: 65536.
 - commit_granule_words: 8192.
 - virtual_space_node_default_size: 8388608.
 - enlarge_chunks_in_place: 1.
 - new_chunks_are_fully_committed: 0.
 - uncommit_free_chunks: 1.
 - use_allocation_guard: 0.
 - handle_deallocations: 1.


Internal statistics:

num_allocs_failed_limit: 3.
num_arena_births: 226.
num_arena_deaths: 0.
num_vsnodes_births: 2.
num_vsnodes_deaths: 0.
num_space_committed: 438.
num_space_uncommitted: 0.
num_chunks_returned_to_freelist: 3.
num_chunks_taken_from_freelist: 824.
num_chunk_merges: 3.
num_chunk_splits: 560.
num_chunks_enlarged: 426.
num_inconsistent_stats: 0.

CodeHeap 'non-profiled nmethods': size=120000Kb used=991Kb max_used=991Kb free=119008Kb
 bounds [0x000002b4b61b0000, 0x000002b4b6420000, 0x000002b4bd6e0000]
CodeHeap 'profiled nmethods': size=120000Kb used=4565Kb max_used=4565Kb free=115434Kb
 bounds [0x000002b4ae6e0000, 0x000002b4aeb60000, 0x000002b4b5c10000]
CodeHeap 'non-nmethods': size=5760Kb used=1465Kb max_used=1485Kb free=4294Kb
 bounds [0x000002b4b5c10000, 0x000002b4b5e80000, 0x000002b4b61b0000]
 total_blobs=3387 nmethods=2547 adapters=752
 compilation: enabled
              stopped_count=0, restarted_count=0
 full_count=0

Compilation events (20 events):
Event: 14.962 Thread 0x000002b4c94d5b50 2540       3       com.sun.glass.ui.View::getWindow (8 bytes)
Event: 14.962 Thread 0x000002b4c94d5b50 nmethod 2540 0x000002b4aeb4a690 code [0x000002b4aeb4a860, 0x000002b4aeb4abb8]
Event: 14.969 Thread 0x000002b4c94d5b50 2541       3       com.sun.glass.ui.Window::getScreen (8 bytes)
Event: 14.970 Thread 0x000002b4c94d5b50 nmethod 2541 0x000002b4aeb4ad10 code [0x000002b4aeb4aee0, 0x000002b4aeb4b238]
Event: 14.983 Thread 0x000002b4c94d5b50 2542       3       javafx.scene.Scene$ClickGenerator::preProcess (348 bytes)
Event: 14.984 Thread 0x000002b4c94d5b50 nmethod 2542 0x000002b4aeb4b390 code [0x000002b4aeb4b7e0, 0x000002b4aeb4df18]
Event: 15.004 Thread 0x000002b4c94d5b50 2543       1       com.sun.javafx.scene.SceneEventDispatcher::getLastDispatcher (5 bytes)
Event: 15.004 Thread 0x000002b4c94d5b50 nmethod 2543 0x000002b4b62a7b90 code [0x000002b4b62a7d20, 0x000002b4b62a7df8]
Event: 15.376 Thread 0x000002b4c94d5b50 2544       3       javafx.scene.input.PickResult::<init> (53 bytes)
Event: 15.376 Thread 0x000002b4c94d5b50 nmethod 2544 0x000002b4aeb4e890 code [0x000002b4aeb4eaa0, 0x000002b4aeb4f2b8]
Event: 15.936 Thread 0x000002b4c94d5b50 2545       3       com.sun.javafx.event.EventDispatchChainImpl::insertFirst (42 bytes)
Event: 15.936 Thread 0x000002b4c94d5b50 nmethod 2545 0x000002b4aeb4f490 code [0x000002b4aeb4f640, 0x000002b4aeb4f918]
Event: 15.936 Thread 0x000002b4c94d5b50 2546       3       com.sun.javafx.scene.EnteredExitedHandler::dispatchBubblingEvent (204 bytes)
Event: 15.937 Thread 0x000002b4c94d5b50 nmethod 2546 0x000002b4aeb4fa10 code [0x000002b4aeb4fe20, 0x000002b4aeb52478]
Event: 15.942 Thread 0x000002b4c94d5b50 2547       3       com.sun.javafx.tk.quantum.GlassScene::getAccessControlContext (22 bytes)
Event: 15.943 Thread 0x000002b4c94d5b50 nmethod 2547 0x000002b4aeb52c90 code [0x000002b4aeb52e40, 0x000002b4aeb53048]
Event: 15.957 Thread 0x000002b4c94d5b50 2548       3       javafx.scene.Node::sceneToLocal0 (46 bytes)
Event: 15.958 Thread 0x000002b4c94d5b50 nmethod 2548 0x000002b4aeb53110 code [0x000002b4aeb53400, 0x000002b4aeb54b78]
Event: 15.964 Thread 0x000002b4c94d5b50 2549       3       java.util.ArrayDeque::isEmpty (17 bytes)
Event: 15.964 Thread 0x000002b4c94d5b50 nmethod 2549 0x000002b4aeb55190 code [0x000002b4aeb55320, 0x000002b4aeb55498]

GC Heap History (8 events):
Event: 0.572 GC heap before
{Heap before GC invocations=0 (full 0):
 garbage-first heap   total 253952K, used 20480K [0x0000000709200000, 0x0000000800000000)
  region size 2048K, 10 young (20480K), 0 survivors (0K)
 Metaspace       used 11655K, committed 11840K, reserved 1114112K
  class space    used 1158K, committed 1280K, reserved 1048576K
}
Event: 0.575 GC heap after
{Heap after GC invocations=1 (full 0):
 garbage-first heap   total 253952K, used 2987K [0x0000000709200000, 0x0000000800000000)
  region size 2048K, 2 young (4096K), 2 survivors (4096K)
 Metaspace       used 11655K, committed 11840K, reserved 1114112K
  class space    used 1158K, committed 1280K, reserved 1048576K
}
Event: 1.057 GC heap before
{Heap before GC invocations=1 (full 0):
 garbage-first heap   total 253952K, used 29611K [0x0000000709200000, 0x0000000800000000)
  region size 2048K, 16 young (32768K), 2 survivors (4096K)
 Metaspace       used 21273K, committed 21504K, reserved 1114112K
  class space    used 2421K, committed 2560K, reserved 1048576K
}
Event: 1.062 GC heap after
{Heap after GC invocations=2 (full 0):
 garbage-first heap   total 253952K, used 7076K [0x0000000709200000, 0x0000000800000000)
  region size 2048K, 3 young (6144K), 3 survivors (6144K)
 Metaspace       used 21273K, committed 21504K, reserved 1114112K
  class space    used 2421K, committed 2560K, reserved 1048576K
}
Event: 1.441 GC heap before
{Heap before GC invocations=3 (full 0):
 garbage-first heap   total 40960K, used 25508K [0x0000000709200000, 0x0000000800000000)
  region size 2048K, 12 young (24576K), 3 survivors (6144K)
 Metaspace       used 27019K, committed 27328K, reserved 1114112K
  class space    used 3236K, committed 3392K, reserved 1048576K
}
Event: 1.452 GC heap after
{Heap after GC invocations=4 (full 0):
 garbage-first heap   total 40960K, used 9425K [0x0000000709200000, 0x0000000800000000)
  region size 2048K, 2 young (4096K), 2 survivors (4096K)
 Metaspace       used 27019K, committed 27328K, reserved 1114112K
  class space    used 3236K, committed 3392K, reserved 1048576K
}
Event: 4.447 GC heap before
{Heap before GC invocations=4 (full 0):
 garbage-first heap   total 40960K, used 13521K [0x0000000709200000, 0x0000000800000000)
  region size 2048K, 3 young (6144K), 2 survivors (4096K)
 Metaspace       used 27598K, committed 27904K, reserved 1114112K
  class space    used 3305K, committed 3456K, reserved 1048576K
}
Event: 4.449 GC heap after
{Heap after GC invocations=5 (full 0):
 garbage-first heap   total 40960K, used 12011K [0x0000000709200000, 0x0000000800000000)
  region size 2048K, 1 young (2048K), 1 survivors (2048K)
 Metaspace       used 27598K, committed 27904K, reserved 1114112K
  class space    used 3305K, committed 3456K, reserved 1048576K
}

Dll operation events (3 events):
Event: 0.008 Loaded shared library C:\Users\ASUS\.jdks\jbr-17.0.9\bin\java.dll
Event: 0.042 Loaded shared library C:\Users\ASUS\.jdks\jbr-17.0.9\bin\jsvml.dll
Event: 0.204 Loaded shared library C:\Users\ASUS\.jdks\jbr-17.0.9\bin\zip.dll

Deoptimization events (20 events):
Event: 1.282 Thread 0x000002b4ce6c4a40 DEOPT PACKING pc=0x000002b4b625f5f0 sp=0x000000ec1f5fc840
Event: 1.282 Thread 0x000002b4ce6c4a40 DEOPT UNPACKING pc=0x000002b4b5c669a3 sp=0x000000ec1f5fc890 mode 2
Event: 1.283 Thread 0x000002b4ce6c4a40 Uncommon trap: trap_request=0xffffffde fr.pc=0x000002b4b625f5f0 relative=0x0000000000001db0
Event: 1.283 Thread 0x000002b4ce6c4a40 Uncommon trap: reason=class_check action=maybe_recompile pc=0x000002b4b625f5f0 method=java.util.zip.InflaterInputStream.read([BII)I @ 100 c2
Event: 1.283 Thread 0x000002b4ce6c4a40 DEOPT PACKING pc=0x000002b4b625f5f0 sp=0x000000ec1f5fc700
Event: 1.283 Thread 0x000002b4ce6c4a40 DEOPT UNPACKING pc=0x000002b4b5c669a3 sp=0x000000ec1f5fc750 mode 2
Event: 1.283 Thread 0x000002b4ce6c4a40 Uncommon trap: trap_request=0xffffffde fr.pc=0x000002b4b625f5f0 relative=0x0000000000001db0
Event: 1.283 Thread 0x000002b4ce6c4a40 Uncommon trap: reason=class_check action=maybe_recompile pc=0x000002b4b625f5f0 method=java.util.zip.InflaterInputStream.read([BII)I @ 100 c2
Event: 1.283 Thread 0x000002b4ce6c4a40 DEOPT PACKING pc=0x000002b4b625f5f0 sp=0x000000ec1f5fc700
Event: 1.283 Thread 0x000002b4ce6c4a40 DEOPT UNPACKING pc=0x000002b4b5c669a3 sp=0x000000ec1f5fc750 mode 2
Event: 1.283 Thread 0x000002b4ce6c4a40 Uncommon trap: trap_request=0xffffffde fr.pc=0x000002b4b625f5f0 relative=0x0000000000001db0
Event: 1.283 Thread 0x000002b4ce6c4a40 Uncommon trap: reason=class_check action=maybe_recompile pc=0x000002b4b625f5f0 method=java.util.zip.InflaterInputStream.read([BII)I @ 100 c2
Event: 1.283 Thread 0x000002b4ce6c4a40 DEOPT PACKING pc=0x000002b4b625f5f0 sp=0x000000ec1f5fc700
Event: 1.283 Thread 0x000002b4ce6c4a40 DEOPT UNPACKING pc=0x000002b4b5c669a3 sp=0x000000ec1f5fc750 mode 2
Event: 4.451 Thread 0x000002b4ce1fd320 DEOPT PACKING pc=0x000002b4aea8cdc3 sp=0x000000ec1f1fd9f0
Event: 4.451 Thread 0x000002b4ce1fd320 DEOPT UNPACKING pc=0x000002b4b5c67143 sp=0x000000ec1f1fce58 mode 0
Event: 4.452 Thread 0x000002b4ce1fd320 DEOPT PACKING pc=0x000002b4aea8cdc3 sp=0x000000ec1f1fd9f0
Event: 4.452 Thread 0x000002b4ce1fd320 DEOPT UNPACKING pc=0x000002b4b5c67143 sp=0x000000ec1f1fce58 mode 0
Event: 4.454 Thread 0x000002b4ce1fd320 DEOPT PACKING pc=0x000002b4aea8cdc3 sp=0x000000ec1f1fd9f0
Event: 4.454 Thread 0x000002b4ce1fd320 DEOPT UNPACKING pc=0x000002b4b5c67143 sp=0x000000ec1f1fce58 mode 0

Classes unloaded (0 events):
No events

Classes redefined (0 events):
No events

Internal exceptions (20 events):
Event: 0.923 Thread 0x000002b4ce6c4a40 Exception <a 'sun/nio/fs/WindowsException'{0x00000007170a9b78}> (0x00000007170a9b78) 
thrown [s\src\hotspot\share\prims\jni.cpp, line 517]
Event: 0.928 Thread 0x000002b4ce6c4a40 Exception <a 'java/lang/NoSuchMethodError'{0x00000007170c30f8}: 'java.lang.Object java.lang.invoke.DirectMethodHandle$Holder.invokeVirtual(java.lang.Object, java.lang.Object, java.lang.Object)'> (0x00000007170c30f8) 
thrown [s\src\hotspot\share\interpreter\linkResolver.cpp, line 771]
Event: 1.080 Thread 0x000002b4c94d33f0 Exception <a 'java/lang/NoSuchMethodError'{0x0000000718889db8}: 'java.lang.Object java.lang.invoke.Invokers$Holder.invokeExact_MT(java.lang.Object, java.lang.Object, java.lang.Object, java.lang.Object, java.lang.Object, java.lang.Object)'> (0x0000000718889db8) 
thrown [s\src\hotspot\share\interpreter\linkResolver.cpp, line 771]
Event: 1.094 Thread 0x000002b4ce6c4a40 Implicit null exception at 0x000002b4b61ccb58 to 0x000002b4b61ccbee
Event: 1.094 Thread 0x000002b4ce6c4a40 Implicit null exception at 0x000002b4b61cc50f to 0x000002b4b61cc589
Event: 1.163 Thread 0x000002b4ce6c4a40 Exception <a 'java/lang/NoSuchMethodError'{0x000000070aee75c8}: 'void java.lang.invoke.DirectMethodHandle$Holder.invokeSpecial(java.lang.Object, java.lang.Object, java.lang.Object, java.lang.Object, java.lang.Object)'> (0x000000070aee75c8) 
thrown [s\src\hotspot\share\interpreter\linkResolver.cpp, line 771]
Event: 1.173 Thread 0x000002b4ce6c4a40 Exception <a 'sun/nio/fs/WindowsException'{0x000000070af8eb98}> (0x000000070af8eb98) 
thrown [s\src\hotspot\share\prims\jni.cpp, line 517]
Event: 1.188 Thread 0x000002b4ce6c4a40 Implicit null exception at 0x000002b4b6206a8e to 0x000002b4b6206eb0
Event: 1.191 Thread 0x000002b4ce6c4a40 Implicit null exception at 0x000002b4b620518b to 0x000002b4b62055b8
Event: 1.195 Thread 0x000002b4ce6c4a40 Exception <a 'java/lang/ClassNotFoundException'{0x000000070acbdfb8}: com/sun/javafx/scene/control/skin/resources/controls> (0x000000070acbdfb8) 
thrown [s\src\hotspot\share\prims\jni.cpp, line 536]
Event: 1.195 Thread 0x000002b4ce6c4a40 Exception <a 'java/lang/ClassNotFoundException'{0x000000070accbf78}: com/sun/javafx/scene/control/skin/resources/controls_fr> (0x000000070accbf78) 
thrown [s\src\hotspot\share\prims\jni.cpp, line 536]
Event: 1.196 Thread 0x000002b4ce6c4a40 Exception <a 'java/lang/ClassNotFoundException'{0x000000070acd9cd0}: com/sun/javafx/scene/control/skin/resources/controls_fr_FR> (0x000000070acd9cd0) 
thrown [s\src\hotspot\share\prims\jni.cpp, line 536]
Event: 1.301 Thread 0x000002b4ce6c4a40 Exception <a 'java/lang/NoSuchMethodError'{0x000000070a6fab48}: 'java.lang.Object java.lang.invoke.DirectMethodHandle$Holder.invokeInterface(java.lang.Object, java.lang.Object, java.lang.Object)'> (0x000000070a6fab48) 
thrown [s\src\hotspot\share\interpreter\linkResolver.cpp, line 771]
Event: 1.302 Thread 0x000002b4ce6c4a40 Exception <a 'java/lang/IncompatibleClassChangeError'{0x000000070a6fe4b8}: Found class java.lang.Object, but interface was expected> (0x000000070a6fe4b8) 
thrown [s\src\hotspot\share\interpreter\linkResolver.cpp, line 838]
Event: 1.366 Thread 0x000002b4ce6c4a40 Exception <a 'java/lang/NoSuchMethodError'{0x000000070a55ff68}: 'java.lang.Object java.lang.invoke.DirectMethodHandle$Holder.newInvokeSpecial(java.lang.Object, java.lang.Object, int)'> (0x000000070a55ff68) 
thrown [s\src\hotspot\share\interpreter\linkResolver.cpp, line 771]
Event: 1.393 Thread 0x000002b4ce1fd320 Exception <a 'java/lang/NoSuchMethodError'{0x000000070a21aca8}: 'int java.lang.invoke.DirectMethodHandle$Holder.invokeStaticInit(java.lang.Object, java.lang.Object)'> (0x000000070a21aca8) 
thrown [s\src\hotspot\share\interpreter\linkResolver.cpp, line 771]
Event: 4.442 Thread 0x000002b4ce6c4a40 Exception <a 'java/lang/NoSuchMethodError'{0x00000007189d13f0}: 'long java.lang.invoke.DirectMethodHandle$Holder.invokeStatic(java.lang.Object, java.lang.Object, java.lang.Object)'> (0x00000007189d13f0) 
thrown [s\src\hotspot\share\interpreter\linkResolver.cpp, line 771]
Event: 4.443 Thread 0x000002b4ce6c4a40 Exception <a 'java/lang/NoSuchMethodError'{0x00000007189d4e40}: 'long java.lang.invoke.DirectMethodHandle$Holder.invokeStaticInit(java.lang.Object, java.lang.Object, java.lang.Object)'> (0x00000007189d4e40) 
thrown [s\src\hotspot\share\interpreter\linkResolver.cpp, line 771]
Event: 4.445 Thread 0x000002b4ce6c4a40 Exception <a 'java/lang/NoSuchMethodError'{0x00000007189ed6f8}: 'java.lang.Object java.lang.invoke.DirectMethodHandle$Holder.newInvokeSpecial(java.lang.Object, java.lang.Object, long)'> (0x00000007189ed6f8) 
thrown [s\src\hotspot\share\interpreter\linkResolver.cpp, line 771]
Event: 4.445 Thread 0x000002b4ce6c4a40 Exception <a 'java/lang/NoSuchMethodError'{0x00000007189f1268}: 'java.lang.Object java.lang.invoke.Invokers$Holder.linkToTargetMethod(java.lang.Object, long, java.lang.Object)'> (0x00000007189f1268) 
thrown [s\src\hotspot\share\interpreter\linkResolver.cpp, line 771]

VM Operations (20 events):
Event: 2.453 Executing VM operation: Cleanup done
Event: 4.447 Executing VM operation: G1CollectForAllocation
Event: 4.449 Executing VM operation: G1CollectForAllocation done
Event: 6.449 Executing VM operation: Cleanup
Event: 6.449 Executing VM operation: Cleanup done
Event: 7.450 Executing VM operation: Cleanup
Event: 7.450 Executing VM operation: Cleanup done
Event: 9.451 Executing VM operation: Cleanup
Event: 9.451 Executing VM operation: Cleanup done
Event: 12.452 Executing VM operation: Cleanup
Event: 12.452 Executing VM operation: Cleanup done
Event: 13.453 Executing VM operation: Cleanup
Event: 13.453 Executing VM operation: Cleanup done
Event: 14.453 Executing VM operation: Cleanup
Event: 14.453 Executing VM operation: Cleanup done
Event: 15.453 Executing VM operation: Cleanup
Event: 15.453 Executing VM operation: Cleanup done
Event: 17.454 Executing VM operation: Cleanup
Event: 17.454 Executing VM operation: Cleanup done
Event: 17.649 Executing VM operation: Exit

Events (20 events):
Event: 1.434 loading class jdk/internal/reflect/UnsafeQualifiedStaticFieldAccessorImpl done
Event: 1.434 loading class jdk/internal/reflect/UnsafeQualifiedStaticObjectFieldAccessorImpl done
Event: 2.489 Thread 0x000002b4c96b6a00 Thread exited: 0x000002b4c96b6a00
Event: 3.317 loading class java/util/EnumMap$Values
Event: 3.317 loading class java/util/EnumMap$Values done
Event: 3.317 loading class java/util/EnumMap$ValueIterator
Event: 3.317 loading class java/util/EnumMap$EnumMapIterator
Event: 3.317 loading class java/util/EnumMap$EnumMapIterator done
Event: 3.317 loading class java/util/EnumMap$ValueIterator done
Event: 17.647 loading class jdk/internal/misc/Signal$1
Event: 17.647 loading class jdk/internal/misc/Signal$1 done
Event: 17.647 Thread 0x000002b4d2fb9770 Thread added: 0x000002b4d2fb9770
Event: 17.647 loading class java/util/IdentityHashMap$KeyIterator
Event: 17.647 loading class java/util/IdentityHashMap$IdentityHashMapIterator
Event: 17.648 loading class java/util/IdentityHashMap$IdentityHashMapIterator done
Event: 17.648 loading class java/util/IdentityHashMap$KeyIterator done
Event: 17.648 Thread 0x000002b4d2fb8d50 Thread added: 0x000002b4d2fb8d50
Event: 17.648 Thread 0x000002b4d2fb7e20 Thread added: 0x000002b4d2fb7e20
Event: 17.648 Thread 0x000002b4d2fb7e20 Thread exited: 0x000002b4d2fb7e20
Event: 17.649 Thread 0x000002b4d2fb8d50 Thread exited: 0x000002b4d2fb8d50


Dynamic libraries:
0x00007ff6c4550000 - 0x00007ff6c455a000 	C:\Users\ASUS\.jdks\jbr-17.0.9\bin\java.exe
0x00007ffcdd370000 - 0x00007ffcdd586000 	C:\WINDOWS\SYSTEM32\ntdll.dll
0x00007ffcdbcc0000 - 0x00007ffcdbd84000 	C:\WINDOWS\System32\KERNEL32.DLL
0x00007ffcda8d0000 - 0x00007ffcdac77000 	C:\WINDOWS\System32\KERNELBASE.dll
0x00007ffcdacf0000 - 0x00007ffcdae01000 	C:\WINDOWS\System32\ucrtbase.dll
0x00007ffcc9810000 - 0x00007ffcc9827000 	C:\Users\ASUS\.jdks\jbr-17.0.9\bin\jli.dll
0x00007ffccd3f0000 - 0x00007ffccd40b000 	C:\Users\ASUS\.jdks\jbr-17.0.9\bin\VCRUNTIME140.dll
0x00007ffcdbfb0000 - 0x00007ffcdc15e000 	C:\WINDOWS\System32\USER32.dll
0x00007ffcda7e0000 - 0x00007ffcda806000 	C:\WINDOWS\System32\win32u.dll
0x00007ffcdc8b0000 - 0x00007ffcdc8d9000 	C:\WINDOWS\System32\GDI32.dll
0x00007ffcd99e0000 - 0x00007ffcd9c73000 	C:\WINDOWS\WinSxS\amd64_microsoft.windows.common-controls_6595b64144ccf1df_6.0.22621.3235_none_270f74e173860f98\COMCTL32.dll
0x00007ffcdae10000 - 0x00007ffcdaf29000 	C:\WINDOWS\System32\gdi32full.dll
0x00007ffcda740000 - 0x00007ffcda7da000 	C:\WINDOWS\System32\msvcp_win.dll
0x00007ffcdd200000 - 0x00007ffcdd2a7000 	C:\WINDOWS\System32\msvcrt.dll
0x00007ffcdc600000 - 0x00007ffcdc631000 	C:\WINDOWS\System32\IMM32.DLL
0x00007ffcd5700000 - 0x00007ffcd570c000 	C:\Users\ASUS\.jdks\jbr-17.0.9\bin\vcruntime140_1.dll
0x00007ffcc5200000 - 0x00007ffcc528d000 	C:\Users\ASUS\.jdks\jbr-17.0.9\bin\msvcp140.dll
0x00007ffc4bac0000 - 0x00007ffc4c742000 	C:\Users\ASUS\.jdks\jbr-17.0.9\bin\server\jvm.dll
0x00007ffcdbef0000 - 0x00007ffcdbfa2000 	C:\WINDOWS\System32\ADVAPI32.dll
0x00007ffcdc640000 - 0x00007ffcdc6e8000 	C:\WINDOWS\System32\sechost.dll
0x00007ffcda710000 - 0x00007ffcda738000 	C:\WINDOWS\System32\bcrypt.dll
0x00007ffcdc330000 - 0x00007ffcdc445000 	C:\WINDOWS\System32\RPCRT4.dll
0x00007ffcbcc10000 - 0x00007ffcbcc19000 	C:\WINDOWS\SYSTEM32\WSOCK32.dll
0x00007ffcd9fb0000 - 0x00007ffcd9ffd000 	C:\WINDOWS\SYSTEM32\POWRPROF.dll
0x00007ffcd0240000 - 0x00007ffcd024a000 	C:\WINDOWS\SYSTEM32\VERSION.dll
0x00007ffcd12e0000 - 0x00007ffcd1314000 	C:\WINDOWS\SYSTEM32\WINMM.dll
0x00007ffcdd2b0000 - 0x00007ffcdd321000 	C:\WINDOWS\System32\WS2_32.dll
0x00007ffcd9e60000 - 0x00007ffcd9e73000 	C:\WINDOWS\SYSTEM32\UMPDC.dll
0x00007ffcd8e90000 - 0x00007ffcd8ea8000 	C:\WINDOWS\SYSTEM32\kernel.appcore.dll
0x00007ffcd56e0000 - 0x00007ffcd56ea000 	C:\Users\ASUS\.jdks\jbr-17.0.9\bin\jimage.dll
0x00007ffcda000000 - 0x00007ffcda233000 	C:\WINDOWS\SYSTEM32\DBGHELP.DLL
0x00007ffcdb0b0000 - 0x00007ffcdb438000 	C:\WINDOWS\System32\combase.dll
0x00007ffcdc510000 - 0x00007ffcdc5e7000 	C:\WINDOWS\System32\OLEAUT32.dll
0x00007ffcd9e80000 - 0x00007ffcd9eb2000 	C:\WINDOWS\SYSTEM32\dbgcore.DLL
0x00007ffcda690000 - 0x00007ffcda709000 	C:\WINDOWS\System32\bcryptPrimitives.dll
0x00007ffcd3bc0000 - 0x00007ffcd3bce000 	C:\Users\ASUS\.jdks\jbr-17.0.9\bin\instrument.dll
0x00007ffcc94b0000 - 0x00007ffcc94d5000 	C:\Users\ASUS\.jdks\jbr-17.0.9\bin\java.dll
0x00007ffcc95a0000 - 0x00007ffcc95b8000 	C:\Users\ASUS\.jdks\jbr-17.0.9\bin\zip.dll
0x00007ffc8f850000 - 0x00007ffc8f927000 	C:\Users\ASUS\.jdks\jbr-17.0.9\bin\jsvml.dll
0x00007ffcdc8e0000 - 0x00007ffcdd13c000 	C:\WINDOWS\System32\SHELL32.dll
0x00007ffcd7d40000 - 0x00007ffcd8639000 	C:\WINDOWS\SYSTEM32\windows.storage.dll
0x00007ffcd7c00000 - 0x00007ffcd7d3e000 	C:\WINDOWS\SYSTEM32\wintypes.dll
0x00007ffcdb720000 - 0x00007ffcdb813000 	C:\WINDOWS\System32\SHCORE.dll
0x00007ffcdd1a0000 - 0x00007ffcdd1fe000 	C:\WINDOWS\System32\shlwapi.dll
0x00007ffcda5c0000 - 0x00007ffcda5e1000 	C:\WINDOWS\SYSTEM32\profapi.dll
0x00007ffcc9400000 - 0x00007ffcc9419000 	C:\Users\ASUS\.jdks\jbr-17.0.9\bin\net.dll
0x00007ffcd3fa0000 - 0x00007ffcd40d6000 	C:\WINDOWS\SYSTEM32\WINHTTP.dll
0x00007ffcd92b0000 - 0x00007ffcd9319000 	C:\WINDOWS\system32\mswsock.dll
0x00007ffcc93e0000 - 0x00007ffcc93f6000 	C:\Users\ASUS\.jdks\jbr-17.0.9\bin\nio.dll
0x00007ffcc9310000 - 0x00007ffcc932a000 	C:\Program Files\JetBrains\IntelliJ IDEA Community Edition 2022.3\bin\breakgen64.dll
0x000002b4c9980000 - 0x000002b4c9983000 	C:\Users\ASUS\.openjfx\cache\17.0.2-ea\api-ms-win-core-console-l1-1-0.dll
0x000002b4c9990000 - 0x000002b4c9993000 	C:\Users\ASUS\.openjfx\cache\17.0.2-ea\api-ms-win-core-console-l1-2-0.dll
0x000002b4c99a0000 - 0x000002b4c99a3000 	C:\Users\ASUS\.openjfx\cache\17.0.2-ea\api-ms-win-core-datetime-l1-1-0.dll
0x000002b4c99b0000 - 0x000002b4c99b3000 	C:\Users\ASUS\.openjfx\cache\17.0.2-ea\api-ms-win-core-debug-l1-1-0.dll
0x000002b4c99c0000 - 0x000002b4c99c3000 	C:\Users\ASUS\.openjfx\cache\17.0.2-ea\api-ms-win-core-errorhandling-l1-1-0.dll
0x000002b4c99d0000 - 0x000002b4c99d4000 	C:\Users\ASUS\.openjfx\cache\17.0.2-ea\api-ms-win-core-file-l1-1-0.dll
0x000002b4c99e0000 - 0x000002b4c99e3000 	C:\Users\ASUS\.openjfx\cache\17.0.2-ea\api-ms-win-core-file-l1-2-0.dll
0x000002b4c99f0000 - 0x000002b4c99f3000 	C:\Users\ASUS\.openjfx\cache\17.0.2-ea\api-ms-win-core-file-l2-1-0.dll
0x000002b4c9a00000 - 0x000002b4c9a03000 	C:\Users\ASUS\.openjfx\cache\17.0.2-ea\api-ms-win-core-handle-l1-1-0.dll
0x000002b4c9a10000 - 0x000002b4c9a13000 	C:\Users\ASUS\.openjfx\cache\17.0.2-ea\api-ms-win-core-heap-l1-1-0.dll
0x000002b4c9a20000 - 0x000002b4c9a23000 	C:\Users\ASUS\.openjfx\cache\17.0.2-ea\api-ms-win-core-interlocked-l1-1-0.dll
0x000002b4c9a30000 - 0x000002b4c9a33000 	C:\Users\ASUS\.openjfx\cache\17.0.2-ea\api-ms-win-core-libraryloader-l1-1-0.dll
0x000002b4c9a40000 - 0x000002b4c9a43000 	C:\Users\ASUS\.openjfx\cache\17.0.2-ea\api-ms-win-core-localization-l1-2-0.dll
0x000002b4c9a50000 - 0x000002b4c9a53000 	C:\Users\ASUS\.openjfx\cache\17.0.2-ea\api-ms-win-core-memory-l1-1-0.dll
0x000002b4c9a60000 - 0x000002b4c9a63000 	C:\Users\ASUS\.openjfx\cache\17.0.2-ea\api-ms-win-core-namedpipe-l1-1-0.dll
0x000002b4c9a70000 - 0x000002b4c9a73000 	C:\Users\ASUS\.openjfx\cache\17.0.2-ea\api-ms-win-core-processenvironment-l1-1-0.dll
0x000002b4c9a80000 - 0x000002b4c9a83000 	C:\Users\ASUS\.openjfx\cache\17.0.2-ea\api-ms-win-core-processthreads-l1-1-0.dll
0x000002b4c9a90000 - 0x000002b4c9a93000 	C:\Users\ASUS\.openjfx\cache\17.0.2-ea\api-ms-win-core-processthreads-l1-1-1.dll
0x000002b4c9aa0000 - 0x000002b4c9aa3000 	C:\Users\ASUS\.openjfx\cache\17.0.2-ea\api-ms-win-core-profile-l1-1-0.dll
0x000002b4c9ab0000 - 0x000002b4c9ab3000 	C:\Users\ASUS\.openjfx\cache\17.0.2-ea\api-ms-win-core-rtlsupport-l1-1-0.dll
0x000002b4c9ac0000 - 0x000002b4c9ac3000 	C:\Users\ASUS\.openjfx\cache\17.0.2-ea\api-ms-win-core-string-l1-1-0.dll
0x000002b4c9ad0000 - 0x000002b4c9ad3000 	C:\Users\ASUS\.openjfx\cache\17.0.2-ea\api-ms-win-core-synch-l1-1-0.dll
0x000002b4c9ae0000 - 0x000002b4c9ae3000 	C:\Users\ASUS\.openjfx\cache\17.0.2-ea\api-ms-win-core-synch-l1-2-0.dll
0x000002b4c9af0000 - 0x000002b4c9af3000 	C:\Users\ASUS\.openjfx\cache\17.0.2-ea\api-ms-win-core-sysinfo-l1-1-0.dll
0x000002b4c9b00000 - 0x000002b4c9b03000 	C:\Users\ASUS\.openjfx\cache\17.0.2-ea\api-ms-win-core-timezone-l1-1-0.dll
0x000002b4c9b10000 - 0x000002b4c9b13000 	C:\Users\ASUS\.openjfx\cache\17.0.2-ea\api-ms-win-core-util-l1-1-0.dll
0x000002b4c9b20000 - 0x000002b4c9b23000 	C:\Users\ASUS\.openjfx\cache\17.0.2-ea\api-ms-win-crt-conio-l1-1-0.dll
0x000002b4c9b30000 - 0x000002b4c9b34000 	C:\Users\ASUS\.openjfx\cache\17.0.2-ea\api-ms-win-crt-convert-l1-1-0.dll
0x000002b4c9b40000 - 0x000002b4c9b43000 	C:\Users\ASUS\.openjfx\cache\17.0.2-ea\api-ms-win-crt-environment-l1-1-0.dll
0x000002b4c9b50000 - 0x000002b4c9b53000 	C:\Users\ASUS\.openjfx\cache\17.0.2-ea\api-ms-win-crt-filesystem-l1-1-0.dll
0x000002b4c9b60000 - 0x000002b4c9b63000 	C:\Users\ASUS\.openjfx\cache\17.0.2-ea\api-ms-win-crt-heap-l1-1-0.dll
0x000002b4c9b70000 - 0x000002b4c9b73000 	C:\Users\ASUS\.openjfx\cache\17.0.2-ea\api-ms-win-crt-locale-l1-1-0.dll
0x000002b4c9b80000 - 0x000002b4c9b85000 	C:\Users\ASUS\.openjfx\cache\17.0.2-ea\api-ms-win-crt-math-l1-1-0.dll
0x000002b4c9b90000 - 0x000002b4c9b95000 	C:\Users\ASUS\.openjfx\cache\17.0.2-ea\api-ms-win-crt-multibyte-l1-1-0.dll
0x000002b4c9ba0000 - 0x000002b4c9bb0000 	C:\Users\ASUS\.openjfx\cache\17.0.2-ea\api-ms-win-crt-private-l1-1-0.dll
0x000002b4c9bb0000 - 0x000002b4c9bb3000 	C:\Users\ASUS\.openjfx\cache\17.0.2-ea\api-ms-win-crt-process-l1-1-0.dll
0x000002b4c9bc0000 - 0x000002b4c9bc4000 	C:\Users\ASUS\.openjfx\cache\17.0.2-ea\api-ms-win-crt-runtime-l1-1-0.dll
0x000002b4c9bd0000 - 0x000002b4c9bd4000 	C:\Users\ASUS\.openjfx\cache\17.0.2-ea\api-ms-win-crt-stdio-l1-1-0.dll
0x000002b4c9be0000 - 0x000002b4c9be4000 	C:\Users\ASUS\.openjfx\cache\17.0.2-ea\api-ms-win-crt-string-l1-1-0.dll
0x000002b4c9bf0000 - 0x000002b4c9bf3000 	C:\Users\ASUS\.openjfx\cache\17.0.2-ea\api-ms-win-crt-time-l1-1-0.dll
0x000002b4c9c00000 - 0x000002b4c9c03000 	C:\Users\ASUS\.openjfx\cache\17.0.2-ea\api-ms-win-crt-utility-l1-1-0.dll
0x00007ffc6bed0000 - 0x00007ffc6bfcc000 	C:\Users\ASUS\.openjfx\cache\17.0.2-ea\ucrtbase.dll
0x00007ffcc92d0000 - 0x00007ffcc92ea000 	C:\Users\ASUS\.openjfx\cache\17.0.2-ea\vcruntime140.dll
0x00007ffcc94a0000 - 0x00007ffcc94ac000 	C:\Users\ASUS\.openjfx\cache\17.0.2-ea\vcruntime140_1.dll
0x00007ffc8f7c0000 - 0x00007ffc8f84d000 	C:\Users\ASUS\.openjfx\cache\17.0.2-ea\msvcp140.dll
0x00007ffcc52c0000 - 0x00007ffcc52ea000 	C:\Users\ASUS\.openjfx\cache\17.0.2-ea\prism_d3d.dll
0x00007ffc778b0000 - 0x00007ffc77a59000 	C:\WINDOWS\system32\d3d9.dll
0x00007ffcd75c0000 - 0x00007ffcd75eb000 	C:\WINDOWS\SYSTEM32\dwmapi.dll
0x00007ffcd7630000 - 0x00007ffcd7669000 	C:\WINDOWS\SYSTEM32\dxcore.dll
0x00007ffcd7380000 - 0x00007ffcd742b000 	C:\WINDOWS\system32\uxtheme.dll
0x00007ffcd0250000 - 0x00007ffcd0408000 	C:\WINDOWS\System32\DriverStore\FileRepository\u0375185.inf_amd64_73f65969b9079bf6\B375122\aticfx64.dll
0x00007ffc41320000 - 0x00007ffc41354000 	C:\WINDOWS\System32\DriverStore\FileRepository\u0375185.inf_amd64_73f65969b9079bf6\B375122\atiu9p64.dll
0x00007ffc400b0000 - 0x00007ffc40e04000 	C:\WINDOWS\System32\DriverStore\FileRepository\u0375185.inf_amd64_73f65969b9079bf6\B375122\atiumd64.dll
0x00007ffcdc180000 - 0x00007ffcdc325000 	C:\WINDOWS\System32\ole32.dll
0x0000000056120000 - 0x0000000056f93000 	C:\WINDOWS\System32\DriverStore\FileRepository\u0375185.inf_amd64_73f65969b9079bf6\B375122\atiumd6a.dll
0x00007ffcdb840000 - 0x00007ffcdbcb4000 	C:\WINDOWS\System32\SETUPAPI.dll
0x00007ffcce200000 - 0x00007ffcce230000 	C:\WINDOWS\SYSTEM32\amdihk64.dll
0x00007ffcd3f50000 - 0x00007ffcd3f9a000 	C:\WINDOWS\SYSTEM32\directxdatabasehelper.dll
0x00007ffcc51b0000 - 0x00007ffcc51f2000 	C:\Users\ASUS\.openjfx\cache\17.0.2-ea\glass.dll
0x00007ffcdb440000 - 0x00007ffcdb539000 	C:\WINDOWS\System32\COMDLG32.dll
0x00007ffcdb5b0000 - 0x00007ffcdb703000 	C:\WINDOWS\System32\MSCTF.dll
0x00007ffcc92b0000 - 0x00007ffcc92c4000 	C:\Users\ASUS\.openjfx\cache\17.0.2-ea\javafx_font.dll
0x00007ffcd5e10000 - 0x00007ffcd6084000 	C:\WINDOWS\SYSTEM32\dwrite.dll
0x00007ffcd8940000 - 0x00007ffcd8a39000 	C:\WINDOWS\SYSTEM32\DNSAPI.dll
0x00007ffcd8910000 - 0x00007ffcd893d000 	C:\WINDOWS\SYSTEM32\IPHLPAPI.DLL
0x00007ffcdc450000 - 0x00007ffcdc459000 	C:\WINDOWS\System32\NSI.dll
0x00007ffcce120000 - 0x00007ffcce12a000 	C:\Windows\System32\rasadhlp.dll
0x00007ffcd1570000 - 0x00007ffcd15f3000 	C:\WINDOWS\System32\fwpuclnt.dll
0x00007ffcdc460000 - 0x00007ffcdc510000 	C:\WINDOWS\System32\clbcatq.dll
0x00007ffcd5870000 - 0x00007ffcd5a20000 	C:\WINDOWS\SYSTEM32\WindowsCodecs.dll
0x00007ffca1e70000 - 0x00007ffca1ece000 	C:\WINDOWS\system32\dataexchange.dll
0x00007ffcd1ec0000 - 0x00007ffcd214e000 	C:\WINDOWS\system32\twinapi.appcore.dll
0x00007ffc8d470000 - 0x00007ffc8d4a2000 	C:\Program Files\Common Files\Microsoft Shared\Ink\rtscom.dll
0x00007ffcca4b0000 - 0x00007ffcca5fa000 	C:\WINDOWS\SYSTEM32\textinputframework.dll
0x00007ffcd6f50000 - 0x00007ffcd7084000 	C:\WINDOWS\SYSTEM32\CoreMessaging.dll
0x00007ffcd3450000 - 0x00007ffcd37bc000 	C:\WINDOWS\SYSTEM32\CoreUIComponents.dll
0x00007ffcd9730000 - 0x00007ffcd973c000 	C:\WINDOWS\SYSTEM32\CRYPTBASE.DLL

dbghelp: loaded successfully - version: 4.0.5 - missing functions: none
symbol engine: initialized successfully - sym options: 0x614 - pdb path: .;C:\Users\ASUS\.jdks\jbr-17.0.9\bin;C:\WINDOWS\SYSTEM32;C:\WINDOWS\WinSxS\amd64_microsoft.windows.common-controls_6595b64144ccf1df_6.0.22621.3235_none_270f74e173860f98;C:\Users\ASUS\.jdks\jbr-17.0.9\bin\server;C:\Program Files\JetBrains\IntelliJ IDEA Community Edition 2022.3\bin;C:\Users\ASUS\.openjfx\cache\17.0.2-ea;C:\WINDOWS\System32\DriverStore\FileRepository\u0375185.inf_amd64_73f65969b9079bf6\B375122;C:\Program Files\Common Files\Microsoft Shared\Ink

VM Arguments:
jvm_args: -javaagent:C:\Program Files\JetBrains\IntelliJ IDEA Community Edition 2022.3\lib\idea_rt.jar=51543:C:\Program Files\JetBrains\IntelliJ IDEA Community Edition 2022.3\bin -Dfile.encoding=UTF-8 --module-path=C:\Users\ASUS\.m2\repository\org\openjfx\javafx-controls\17.0.2\javafx-controls-17.0.2-win.jar;C:\Users\ASUS\.m2\repository\org\openjfx\javafx-graphics\17.0.2\javafx-graphics-17.0.2-win.jar;C:\Users\ASUS\.m2\repository\org\openjfx\javafx-fxml\17.0.2\javafx-fxml-17.0.2-win.jar;C:\Users\ASUS\.m2\repository\org\openjfx\javafx-base\17.0.2\javafx-base-17.0.2-win.jar;C:\xamp\htdocs\demo\target\classes -Djdk.module.main=com.example.demo 
java_command: com.example.demo/com.example.demo.HelloApplication
java_class_path (initial): C:\Users\ASUS\.m2\repository\com\mysql\mysql-connector-j\8.0.32\mysql-connector-j-8.0.32.jar;C:\Users\ASUS\.m2\repository\com\google\protobuf\protobuf-java\3.21.9\protobuf-java-3.21.9.jar;C:\Users\ASUS\.m2\repository\org\openjfx\javafx-controls\17.0.2\javafx-controls-17.0.2.jar;C:\Users\ASUS\.m2\repository\org\openjfx\javafx-graphics\17.0.2\javafx-graphics-17.0.2.jar;C:\Users\ASUS\.m2\repository\org\openjfx\javafx-base\17.0.2\javafx-base-17.0.2.jar;C:\Users\ASUS\.m2\repository\org\knowm\xchart\xchart\3.8.0\xchart-3.8.0.jar;C:\Users\ASUS\.m2\repository\de\erichseifert\vectorgraphics2d\VectorGraphics2D\0.13\VectorGraphics2D-0.13.jar;C:\Users\ASUS\.m2\repository\de\rototor\pdfbox\graphics2d\0.30\graphics2d-0.30.jar;C:\Users\ASUS\.m2\repository\org\apache\pdfbox\pdfbox\2.0.22\pdfbox-2.0.22.jar;C:\Users\ASUS\.m2\repository\org\apache\pdfbox\fontbox\2.0.22\fontbox-2.0.22.jar;C:\Users\ASUS\.m2\repository\commons-logging\commons-logging\1.2\commons-logging-1.2.jar;C:\Users\ASUS\.m2\repository\com\madgag\animated-gif-lib\1.4\animated-gif-lib-1.4.jar;C:\Users\ASUS\.m2\repository\org\openjfx\javafx-fxml\17.0.2\javafx-fxml-17.0.2.jar
Launcher Type: SUN_STANDARD

[Global flags]
     intx CICompilerCount                          = 3                                         {product} {ergonomic}
     uint ConcGCThreads                            = 2                                         {product} {ergonomic}
     uint G1ConcRefinementThreads                  = 6                                         {product} {ergonomic}
   size_t G1HeapRegionSize                         = 2097152                                   {product} {ergonomic}
    uintx GCDrainStackTargetSize                   = 64                                        {product} {ergonomic}
   size_t InitialHeapSize                          = 260046848                                 {product} {ergonomic}
   size_t MarkStackSize                            = 4194304                                   {product} {ergonomic}
   size_t MaxHeapSize                              = 4141875200                                {product} {ergonomic}
   size_t MaxNewSize                               = 2485125120                                {product} {ergonomic}
   size_t MinHeapDeltaBytes                        = 2097152                                   {product} {ergonomic}
   size_t MinHeapSize                              = 8388608                                   {product} {ergonomic}
    uintx NonNMethodCodeHeapSize                   = 5832780                                {pd product} {ergonomic}
    uintx NonProfiledCodeHeapSize                  = 122912730                              {pd product} {ergonomic}
    uintx ProfiledCodeHeapSize                     = 122912730                              {pd product} {ergonomic}
    uintx ReservedCodeCacheSize                    = 251658240                              {pd product} {ergonomic}
     bool SegmentedCodeCache                       = true                                      {product} {ergonomic}
   size_t SoftMaxHeapSize                          = 4141875200                             {manageable} {ergonomic}
     bool UseCompressedClassPointers               = true                           {product lp64_product} {ergonomic}
     bool UseCompressedOops                        = true                           {product lp64_product} {ergonomic}
     bool UseG1GC                                  = true                                      {product} {ergonomic}
     bool UseLargePagesIndividualAllocation        = false                                  {pd product} {ergonomic}

Logging:
Log output configuration:
 #0: stdout all=off uptime,level,tags
 #1: stderr all=off uptime,level,tags

Environment Variables:
PATH=C:\app\ASUS\product\21c\dbhomeXE\bin;C:\oraclexe\app\oracle\product\10.2.0\server\bin;C:\Python311\Scripts\;C:\Python311\;C:\Program Files\Common Files\Oracle\Java\javapath;C:\WINDOWS\system32;C:\WINDOWS;C:\WINDOWS\System32\Wbem;C:\WINDOWS\System32\WindowsPowerShell\v1.0\;C:\WINDOWS\System32\OpenSSH\;C:\ProgramData\ComposerSetup\bin;C:\Program Files\Git\cmd;C:\ProgramData\chocolatey\bin;C:\HashiCorp\Vagrant\bin;C:\Program Files\Docker\Docker\resources\bin;C:\Program Files\nodejs\node_modules\npm;C:\Program Files\nodejs\;C:\xaamp\php;C:\Program Files (x86)\Microsoft SQL Server\110\DTS\Binn\;C:\Program Files (x86)\Microsoft SQL Server\110\Tools\Binn\;C:\Program Files (x86)\Microsoft SQL Server\110\Tools\Binn\ManagementStudio\;C:\Program Files (x86)\Microsoft Visual Studio 10.0\Common7\IDE\PrivateAssemblies\;C:\Program Files\Microsoft SQL Server\150\Tools\Binn\;C:\Program Files\Microsoft SQL Server\Client SDK\ODBC\170\Tools\Binn\;C:\Program Files\dotnet\;C:\xamp\php;C:\Users\ASUS\scoop\shims;C:\Users\ASUS\AppData\Local\Programs\Microsoft VS Code\bin;C:\Program Files\nodejs\;C:\Program Files\nodejs\node_modules\npm;C:\Users\ASUS\AppData\Roaming\npm;C:\Users\ASUS\AppData\Local\Microsoft\WindowsApps;C:\Users\ASUS\AppData\Local\GitHubDesktop\bin;C:\Users\ASUS\.dotnet\tools;C:\xamp\php;
USERNAME=ASUS
OS=Windows_NT
PROCESSOR_IDENTIFIER=AMD64 Family 23 Model 96 Stepping 1, AuthenticAMD
TMP=C:\Users\ASUS\AppData\Local\Temp
TEMP=C:\Users\ASUS\AppData\Local\Temp



Periodic native trim disabled

JNI global refs:
JNI global refs: 26, weak refs: 0

JNI global refs memory usage: 843, weak refs: 209

OOME stack traces (most recent first):
Classloader memory used:
Loader bootstrap                                                                       : 1917K
Loader jdk.internal.loader.ClassLoaders$AppClassLoader                                 : 1511K
Loader jdk.internal.loader.ClassLoaders$PlatformClassLoader                            : 44405B
Loader jdk.internal.reflect.DelegatingClassLoader                                      : 1560B
Loader com.sun.javafx.reflect.MethodUtil                                               : 364B


---------------  S Y S T E M  ---------------

OS:
 Windows 11 , 64 bit Build 22621 (10.0.22621.3374)
OS uptime: 7 days 18:49 hours
Hyper-V role detected

CPU: total 6 (initial active 6) (6 cores per cpu, 1 threads per core) family 23 model 96 stepping 1 microcode 0x0, cx8, cmov, fxsr, mmx, 3dnowpref, sse, sse2, sse3, ssse3, sse4a, sse4.1, sse4.2, popcnt, lzcnt, tsc, tscinvbit, avx, avx2, aes, clmul, bmi1, bmi2, adx, sha, fma, vzeroupper, clflush, clflushopt, hv
Processor Information for all 6 processors :
  Max Mhz: 2375, Current Mhz: 2375, Mhz Limit: 2375

Memory: 4k page, system-wide physical 15792M (2003M free)
TotalPageFile size 40368M (AvailPageFile size 14774M)
current process WorkingSet (physical memory assigned to process): 160M, peak: 160M
current process commit charge ("private bytes"): 206M, peak: 394M

vm_info: OpenJDK 64-Bit Server VM (17.0.9+8-b1166.2) for windows-amd64 JRE (17.0.9+8-b1166.2), built on 2024-01-13 by "builduser" with MS VC++ 16.10 / 16.11 (VS2019)

END.
